#
# A fatal error has been detected by the Java Runtime Environment:
#
#  EXCEPTION_ACCESS_VIOLATION (0xc0000005) at pc=0x52051ff6, pid=7824, tid=0x000010f4
#
# JRE version: OpenJDK Runtime Environment (8.0_212-b04) (build 1.8.0_212-release-1586-b04)
# Java VM: OpenJDK Server VM (25.212-b04 mixed mode windows-x86 )
# Problematic frame:
# V  [jvm.dll+0x2a1ff6]
#
# Failed to write core dump. Minidumps are not enabled by default on client versions of Windows
#
# If you would like to submit a bug report, please visit:
#   
#

---------------  T H R E A D  ---------------

Current thread (0x015ba800):  GCTaskThread [stack: 0x10fb0000,0x11000000] [id=4340]

siginfo: ExceptionCode=0xc0000005, reading address 0x00000004

Registers:
EAX=0x00000000, EBX=0x54426ac0, ECX=0x00000000, EDX=0x00000000
ESP=0x10fff58c, EBP=0x10fff5a8, ESI=0x4af9f9d8, EDI=0x54426ac0
EIP=0x52051ff6, EFLAGS=0x00010293

Top of Stack: (sp=0x10fff58c)
0x10fff58c:   54426ac0 54426af4 13e1b1e8 13e1b1d3
0x10fff59c:   54426ac0 00000000 01426af0 10fff5fc
0x10fff5ac:   52052c80 4af9f9d8 0000000f 11bcd208
0x10fff5bc:   51005e69 54426af0 54426af0 10fff5dc
0x10fff5cc:   51e60b40 11bcbf28 11bcbf28 11bcbf28
0x10fff5dc:   10fff5f8 51e6179a 11bcbf28 13e1b1e8
0x10fff5ec:   11bcd1f0 51005e69 58f62870 54426ac0
0x10fff5fc:   10fff634 520451ea 00000000 0162b180 

Instructions: (pc=0x52051ff6)
0x52051fd6:   53 56 8b 75 08 8b 16 8b c2 83 e0 03 8b d9 57 89
0x52051fe6:   5d f4 89 55 f8 3c 03 0f 84 da 02 00 00 8b 4e 04
0x52051ff6:   8b 41 04 c6 45 ff 00 85 c0 7e 09 a8 01 75 33 c1
0x52052006:   f8 02 eb 39 79 2c 8b 7e 08 8b 15 14 a8 2f 52 8b 


Register to memory mapping:

EAX=0x00000000 is an unknown value
EBX=0x54426ac0 is an unknown value
ECX=0x00000000 is an unknown value
EDX=0x00000000 is an unknown value
ESP=0x10fff58c is an unknown value
EBP=0x10fff5a8 is an unknown value
ESI=0x4af9f9d8 is an unknown value
EDI=0x54426ac0 is an unknown value


Stack: [0x10fb0000,0x11000000],  sp=0x10fff58c,  free space=317k
Native frames: (J=compiled Java code, j=interpreted, Vv=VM code, C=native code)
V  [jvm.dll+0x2a1ff6]
V  [jvm.dll+0x2a2c80]
V  [jvm.dll+0x2951ea]
V  [jvm.dll+0x2a472a]
V  [jvm.dll+0x2965ac]
V  [jvm.dll+0x1b8e46]
C  [msvcr100.dll+0x5c556]
C  [msvcr100.dll+0x5c600]
C  [kernel32.dll+0x4ef3c]
C  [ntdll.dll+0x6360c]
C  [ntdll.dll+0x635df]


---------------  P R O C E S S  ---------------

Java Threads: ( => current thread )
  0x59f8c800 JavaThread "Cache worker for cache directory md-rule (C:\Users\Samuel\.gradle\caches\5.6.4\md-rule)" [_thread_blocked, id=8108, stack(0x547c0000,0x54810000)]
  0x550f7c00 JavaThread "Cache worker for cache directory md-supplier (C:\Users\Samuel\.gradle\caches\5.6.4\md-supplier)" [_thread_blocked, id=7488, stack(0x597c0000,0x59810000)]
  0x550f7400 JavaThread "Cache worker for file hash cache (C:\Users\Samuel\AndroidStudioProjects\Keyword2\.gradle\5.6.4\fileHashes)" [_thread_blocked, id=1480, stack(0x56d40000,0x56d90000)]
  0x550f5000 JavaThread "Thread-44" [_thread_blocked, id=5744, stack(0x5d1c0000,0x5d210000)]
  0x550f6000 JavaThread "Stdin handler" [_thread_blocked, id=7672, stack(0x59560000,0x595b0000)]
  0x550f2800 JavaThread "Asynchronous log dispatcher for DefaultDaemonConnection: socket connection from /127.0.0.1:60507 to /127.0.0.1:51149" [_thread_blocked, id=5320, stack(0x56e70000,0x56ec0000)]
  0x550f4000 JavaThread "Daemon worker Thread 3" [_thread_blocked, id=8072, stack(0x56e10000,0x56e60000)]
  0x550f3c00 JavaThread "Cancel handler" [_thread_blocked, id=6720, stack(0x59500000,0x59550000)]
  0x550f1c00 JavaThread "Handler for socket connection from /127.0.0.1:60507 to /127.0.0.1:51149" [_thread_in_native, id=2860, stack(0x55530000,0x55580000)]
  0x550f4800 JavaThread "Daemon Thread 3" [_thread_blocked, id=6060, stack(0x56db0000,0x56e00000)]
  0x59f8d400 JavaThread "Cache worker for file content cache (C:\Users\Samuel\.gradle\caches\5.6.4\fileContent)" [_thread_blocked, id=6556, stack(0x5d580000,0x5d5d0000)]
  0x550f5c00 JavaThread "Memory manager" [_thread_blocked, id=8092, stack(0x56bf0000,0x56c40000)]
  0x550f3400 JavaThread "Cache worker for execution history cache (C:\Users\Samuel\.gradle\caches\5.6.4\executionHistory)" [_thread_blocked, id=3136, stack(0x573d0000,0x57420000)]
  0x550f1400 JavaThread "Cache worker for journal cache (C:\Users\Samuel\.gradle\caches\journal-1)" [_thread_blocked, id=5564, stack(0x57440000,0x57490000)]
  0x550f1000 JavaThread "File lock request listener" [_thread_in_native, id=5280, stack(0x57360000,0x573b0000)]
  0x550f0800 JavaThread "Cache worker for file hash cache (C:\Users\Samuel\.gradle\caches\5.6.4\fileHashes)" [_thread_blocked, id=6752, stack(0x56c40000,0x56c90000)]
  0x5513c000 JavaThread "Daemon periodic checks" [_thread_blocked, id=8044, stack(0x56ca0000,0x56cf0000)]
  0x55143c00 JavaThread "Incoming local TCP Connector on port 60507" [_thread_in_native, id=4700, stack(0x016a0000,0x016f0000)]
  0x55ec5800 JavaThread "Daemon health stats" [_thread_blocked, id=4816, stack(0x55590000,0x555e0000)]
  0x544fd000 JavaThread "Service Thread" daemon [_thread_blocked, id=4644, stack(0x51bf0000,0x51c40000)]
  0x544aac00 JavaThread "C1 CompilerThread1" daemon [_thread_blocked, id=4288, stack(0x548e0000,0x54930000)]
  0x544aa000 JavaThread "C2 CompilerThread0" daemon [_thread_blocked, id=4756, stack(0x54810000,0x54860000)]
  0x544a8c00 JavaThread "Attach Listener" daemon [_thread_blocked, id=888, stack(0x54710000,0x54760000)]
  0x544a7400 JavaThread "Signal Dispatcher" daemon [_thread_blocked, id=2264, stack(0x54690000,0x546e0000)]
  0x54489800 JavaThread "Finalizer" daemon [_thread_blocked, id=8156, stack(0x545c0000,0x54610000)]
  0x54482800 JavaThread "Reference Handler" daemon [_thread_blocked, id=5792, stack(0x54610000,0x54660000)]
  0x0171d400 JavaThread "main" [_thread_blocked, id=3484, stack(0x01840000,0x01890000)]

Other Threads:
  0x5445a400 VMThread [stack: 0x51c60000,0x51cb0000] [id=1972]
  0x544fe000 WatcherThread [stack: 0x54760000,0x547b0000] [id=5740]

=>0x015ba800 (exited) GCTaskThread [stack: 0x10fb0000,0x11000000] [id=4340]

VM state:at safepoint (normal execution)

VM Mutex/Monitor currently owned by a thread:  ([mutex/lock_event])
[0x0171b688] Threads_lock - owner thread: 0x5445a400
[0x0171ba98] Heap_lock - owner thread: 0x59f8c800

Heap:
 PSYoungGen      total 263168K, used 263166K [0x3bac0000, 0x50d80000, 0x51000000)
  eden space 241920K, 100% used [0x3bac0000,0x4a700000,0x4a700000)
  from space 21248K, 99% used [0x4a700000,0x4bbbfa70,0x4bbc0000)
  to   space 25088K, 13% used [0x4f500000,0x4f86b7d0,0x50d80000)
 ParOldGen       total 66560K, used 47458K [0x11000000, 0x15100000, 0x3bac0000)
  object space 66560K, 71% used [0x11000000,0x13e58be8,0x15100000)
 Metaspace       used 54847K, capacity 56449K, committed 56576K, reserved 56704K

Card table byte_map: [0x51000000,0x51210000] byte_map_base: 0x50f78000

Marking Bits: (ParMarkBitMap*) 0x52328620
 Begin Bits: [0x523a0000, 0x533a0000)
 End Bits:   [0x533a0000, 0x543a0000)

Polling page: 0x00180000

CodeCache: size=245760Kb used=27660Kb max_used=27735Kb free=218099Kb
 bounds [0x01b60000, 0x03698000, 0x10b60000]
 total_blobs=10555 nmethods=10072 adapters=397
 compilation: enabled

Compilation events (10 events):
Event: 3264.360 Thread 0x544aac00 11926       1       org.gradle.internal.event.DefaultListenerManager::access$600 (5 bytes)
Event: 3264.361 Thread 0x544aac00 nmethod 11926 0x029ca408 code [0x029ca500, 0x029ca580]
Event: 3265.315 Thread 0x544aac00 11927       3       org.gradle.api.internal.initialization.ClassLoaderScopeIdentifier::hashCode (34 bytes)
Event: 3265.316 Thread 0x544aac00 nmethod 11927 0x0245d948 code [0x0245daa0, 0x0245dde4]
Event: 3266.999 Thread 0x544aac00 11928       3       com.google.common.cache.LocalCache$Segment::drainValueReferenceQueue (43 bytes)
Event: 3267.094 Thread 0x544aac00 nmethod 11928 0x03690848 code [0x03690a00, 0x0369121c]
Event: 3269.087 Thread 0x544aac00 11929       3       org.gradle.internal.service.DefaultServiceRegistry::addProvider (11 bytes)
Event: 3269.114 Thread 0x544aac00 nmethod 11929 0x03685988 code [0x03685aa0, 0x03685bd8]
Event: 3271.252 Thread 0x544aac00 11930       3       java.lang.AbstractStringBuilder::charAt (28 bytes)
Event: 3271.260 Thread 0x544aac00 nmethod 11930 0x02c98948 code [0x02c98a60, 0x02c98c4c]

GC Heap History (10 events):
Event: 85.762 GC heap after
Heap after GC invocations=12 (full 2):
 PSYoungGen      total 190464K, used 0K [0x3bac0000, 0x48540000, 0x51000000)
  eden space 178688K, 0% used [0x3bac0000,0x3bac0000,0x46940000)
  from space 11776K, 0% used [0x47840000,0x47840000,0x483c0000)
  to   space 14336K, 0% used [0x46940000,0x46940000,0x47740000)
 ParOldGen       total 38912K, used 20675K [0x11000000, 0x13600000, 0x3bac0000)
  object space 38912K, 53% used [0x11000000,0x12430c48,0x13600000)
 Metaspace       used 26585K, capacity 27307K, committed 27308K, reserved 28032K
}
Event: 102.846 GC heap before
{Heap before GC invocations=13 (full 2):
 PSYoungGen      total 190464K, used 178688K [0x3bac0000, 0x48540000, 0x51000000)
  eden space 178688K, 100% used [0x3bac0000,0x46940000,0x46940000)
  from space 11776K, 0% used [0x47840000,0x47840000,0x483c0000)
  to   space 14336K, 0% used [0x46940000,0x46940000,0x47740000)
 ParOldGen       total 38912K, used 20675K [0x11000000, 0x13600000, 0x3bac0000)
  object space 38912K, 53% used [0x11000000,0x12430c48,0x13600000)
 Metaspace       used 37199K, capacity 38257K, committed 38272K, reserved 38272K
Event: 102.953 GC heap after
Heap after GC invocations=13 (full 2):
 PSYoungGen      total 193024K, used 14326K [0x3bac0000, 0x4d100000, 0x51000000)
  eden space 178688K, 0% used [0x3bac0000,0x3bac0000,0x46940000)
  from space 14336K, 99% used [0x46940000,0x4773d980,0x47740000)
  to   space 19200K, 0% used [0x4be40000,0x4be40000,0x4d100000)
 ParOldGen       total 38912K, used 27700K [0x11000000, 0x13600000, 0x3bac0000)
  object space 38912K, 71% used [0x11000000,0x12b0d280,0x13600000)
 Metaspace       used 37199K, capacity 38257K, committed 38272K, reserved 38272K
}
Event: 129.558 GC heap before
{Heap before GC invocations=14 (full 2):
 PSYoungGen      total 193024K, used 193014K [0x3bac0000, 0x4d100000, 0x51000000)
  eden space 178688K, 100% used [0x3bac0000,0x46940000,0x46940000)
  from space 14336K, 99% used [0x46940000,0x4773d980,0x47740000)
  to   space 19200K, 0% used [0x4be40000,0x4be40000,0x4d100000)
 ParOldGen       total 38912K, used 27700K [0x11000000, 0x13600000, 0x3bac0000)
  object space 38912K, 71% used [0x11000000,0x12b0d280,0x13600000)
 Metaspace       used 42783K, capacity 43996K, committed 44032K, reserved 44416K
Event: 129.659 GC heap after
Heap after GC invocations=14 (full 2):
 PSYoungGen      total 260608K, used 15890K [0x3bac0000, 0x4d080000, 0x51000000)
  eden space 241920K, 0% used [0x3bac0000,0x3bac0000,0x4a700000)
  from space 18688K, 85% used [0x4be40000,0x4cdc4b30,0x4d080000)
  to   space 21248K, 0% used [0x4a700000,0x4a700000,0x4bbc0000)
 ParOldGen       total 38912K, used 37433K [0x11000000, 0x13600000, 0x3bac0000)
  object space 38912K, 96% used [0x11000000,0x1348e4b8,0x13600000)
 Metaspace       used 42783K, capacity 43996K, committed 44032K, reserved 44416K
}
Event: 129.659 GC heap before
{Heap before GC invocations=15 (full 3):
 PSYoungGen      total 260608K, used 15890K [0x3bac0000, 0x4d080000, 0x51000000)
  eden space 241920K, 0% used [0x3bac0000,0x3bac0000,0x4a700000)
  from space 18688K, 85% used [0x4be40000,0x4cdc4b30,0x4d080000)
  to   space 21248K, 0% used [0x4a700000,0x4a700000,0x4bbc0000)
 ParOldGen       total 38912K, used 37433K [0x11000000, 0x13600000, 0x3bac0000)
  object space 38912K, 96% used [0x11000000,0x1348e4b8,0x13600000)
 Metaspace       used 42783K, capacity 43996K, committed 44032K, reserved 44416K
Event: 130.879 GC heap after
Heap after GC invocations=15 (full 3):
 PSYoungGen      total 260608K, used 2898K [0x3bac0000, 0x4d080000, 0x51000000)
  eden space 241920K, 0% used [0x3bac0000,0x3bac0000,0x4a700000)
  from space 18688K, 15% used [0x4be40000,0x4c114bb8,0x4d080000)
  to   space 21248K, 0% used [0x4a700000,0x4a700000,0x4bbc0000)
 ParOldGen       total 66560K, used 38830K [0x11000000, 0x15100000, 0x3bac0000)
  object space 66560K, 58% used [0x11000000,0x135ebbb0,0x15100000)
 Metaspace       used 42783K, capacity 43996K, committed 44032K, reserved 44416K
}
Event: 150.719 GC heap before
{Heap before GC invocations=16 (full 3):
 PSYoungGen      total 260608K, used 244818K [0x3bac0000, 0x4d080000, 0x51000000)
  eden space 241920K, 100% used [0x3bac0000,0x4a700000,0x4a700000)
  from space 18688K, 15% used [0x4be40000,0x4c114bb8,0x4d080000)
  to   space 21248K, 0% used [0x4a700000,0x4a700000,0x4bbc0000)
 ParOldGen       total 66560K, used 38830K [0x11000000, 0x15100000, 0x3bac0000)
  object space 66560K, 58% used [0x11000000,0x135ebbb0,0x15100000)
 Metaspace       used 50436K, capacity 51862K, committed 51968K, reserved 52608K
Event: 150.833 GC heap after
Heap after GC invocations=16 (full 3):
 PSYoungGen      total 263168K, used 21246K [0x3bac0000, 0x50d80000, 0x51000000)
  eden space 241920K, 0% used [0x3bac0000,0x3bac0000,0x4a700000)
  from space 21248K, 99% used [0x4a700000,0x4bbbfa70,0x4bbc0000)
  to   space 25088K, 0% used [0x4f500000,0x4f500000,0x50d80000)
 ParOldGen       total 66560K, used 39518K [0x11000000, 0x15100000, 0x3bac0000)
  object space 66560K, 59% used [0x11000000,0x13697988,0x15100000)
 Metaspace       used 50436K, capacity 51862K, committed 51968K, reserved 52608K
}
Event: 3272.092 GC heap before
{Heap before GC invocations=17 (full 3):
 PSYoungGen      total 263168K, used 263166K [0x3bac0000, 0x50d80000, 0x51000000)
  eden space 241920K, 100% used [0x3bac0000,0x4a700000,0x4a700000)
  from space 21248K, 99% used [0x4a700000,0x4bbbfa70,0x4bbc0000)
  to   space 25088K, 0% used [0x4f500000,0x4f500000,0x50d80000)
 ParOldGen       total 66560K, used 39518K [0x11000000, 0x15100000, 0x3bac0000)
  object space 66560K, 59% used [0x11000000,0x13697988,0x15100000)
 Metaspace       used 54847K, capacity 56449K, committed 56576K, reserved 56704K

Deoptimization events (10 events):
Event: 335.695 Thread 0x550f1c00 Uncommon trap: reason=class_check action=maybe_recompile pc=0x03504a94 method=org.gradle.api.internal.artifacts.transform.TransformationStep$$Lambda$372/14841343.apply(Ljava/lang/Object;)Ljava/lang/Object; @ 13
Event: 335.707 Thread 0x59f8e000 Uncommon trap: reason=class_check action=maybe_recompile pc=0x03504a94 method=org.gradle.api.internal.artifacts.transform.TransformationStep$$Lambda$372/14841343.apply(Ljava/lang/Object;)Ljava/lang/Object; @ 13
Event: 335.831 Thread 0x550f1c00 Uncommon trap: reason=class_check action=maybe_recompile pc=0x03504a94 method=org.gradle.api.internal.artifacts.transform.TransformationStep$$Lambda$372/14841343.apply(Ljava/lang/Object;)Ljava/lang/Object; @ 13
Event: 339.204 Thread 0x550f1c00 Uncommon trap: reason=class_check action=maybe_recompile pc=0x035eebf8 method=org.gradle.api.internal.artifacts.transform.DefaultTransformationNodeRegistry.getIfExecuted(Lorg/gradle/api/artifacts/component/ComponentArtifactIdentifier;Lorg/gradle/api/inter
Event: 339.204 Thread 0x550f1c00 Uncommon trap: reason=class_check action=maybe_recompile pc=0x035eebf8 method=org.gradle.api.internal.artifacts.transform.DefaultTransformationNodeRegistry.getIfExecuted(Lorg/gradle/api/artifacts/component/ComponentArtifactIdentifier;Lorg/gradle/api/inter
Event: 339.204 Thread 0x550f1c00 Uncommon trap: reason=class_check action=maybe_recompile pc=0x035eebf8 method=org.gradle.api.internal.artifacts.transform.DefaultTransformationNodeRegistry.getIfExecuted(Lorg/gradle/api/artifacts/component/ComponentArtifactIdentifier;Lorg/gradle/api/inter
Event: 339.204 Thread 0x550f1c00 Uncommon trap: reason=class_check action=maybe_recompile pc=0x035eebf8 method=org.gradle.api.internal.artifacts.transform.DefaultTransformationNodeRegistry.getIfExecuted(Lorg/gradle/api/artifacts/component/ComponentArtifactIdentifier;Lorg/gradle/api/inter
Event: 355.630 Thread 0x59f8c800 Uncommon trap: reason=unstable_if action=reinterpret pc=0x02d958c0 method=java.nio.Buffer.limit(I)Ljava/nio/Buffer; @ 33
Event: 3248.920 Thread 0x550f1c00 Uncommon trap: reason=bimorphic action=maybe_recompile pc=0x02bcfaf8 method=java.io.DataInputStream.readChar()C @ 4
Event: 3271.251 Thread 0x550f4000 Uncommon trap: reason=class_check action=maybe_recompile pc=0x01d90840 method=java.util.regex.Matcher.getTextLength()I @ 4

Classes redefined (0 events):
No events

Internal exceptions (10 events):
Event: 264.678 Thread 0x550f3c00 Exception <a 'java/lang/NoSuchMethodError': <clinit>> (0x3ed31b38) thrown at [D:\src\AOSP-openjdk-cygwin\jdk8u\hotspot\src\share\vm\prims\jni.cpp, line 1614]
Event: 265.421 Thread 0x550f1c00 Implicit null exception at 0x01f3ac42 to 0x01f3d155
Event: 273.396 Thread 0x550f1c00 Exception <a 'sun/nio/fs/WindowsException'> (0x3fce1338) thrown at [D:\src\AOSP-openjdk-cygwin\jdk8u\hotspot\src\share\vm\prims\jni.cpp, line 710]
Event: 275.304 Thread 0x550f1c00 Implicit null exception at 0x01e791e7 to 0x01e792d1
Event: 275.735 Thread 0x550f1c00 Implicit null exception at 0x0329a295 to 0x0329aa95
Event: 275.737 Thread 0x550f1c00 Implicit null exception at 0x02bb3f5d to 0x02bb430d
Event: 295.853 Thread 0x550f6000 Exception <a 'java/lang/NoSuchMethodError': <clinit>> (0x3ef22aa8) thrown at [D:\src\AOSP-openjdk-cygwin\jdk8u\hotspot\src\share\vm\prims\jni.cpp, line 1614]
Event: 321.405 Thread 0x550f1c00 Exception <a 'java/lang/NoSuchMethodError': <clinit>> (0x458f8c38) thrown at [D:\src\AOSP-openjdk-cygwin\jdk8u\hotspot\src\share\vm\prims\jni.cpp, line 1614]
Event: 321.405 Thread 0x550f1c00 Exception <a 'java/lang/NoSuchMethodError': <clinit>> (0x458fa390) thrown at [D:\src\AOSP-openjdk-cygwin\jdk8u\hotspot\src\share\vm\prims\jni.cpp, line 1614]
Event: 343.228 Thread 0x550f1c00 Exception <a 'sun/nio/fs/WindowsException'> (0x48b284c0) thrown at [D:\src\AOSP-openjdk-cygwin\jdk8u\hotspot\src\share\vm\prims\jni.cpp, line 710]

Events (10 events):
Event: 3254.922 Thread 0x550f2800 Thread added: 0x550f2800
Event: 3255.099 Thread 0x550f6000 Thread added: 0x550f6000
Event: 3255.327 Thread 0x550f5000 Thread added: 0x550f5000
Event: 3260.656 Thread 0x550f7400 Thread added: 0x550f7400
Event: 3271.251 Thread 0x550f4000 Uncommon trap: trap_request=0xffffffde fr.pc=0x01d90840
Event: 3271.251 Thread 0x550f4000 DEOPT PACKING pc=0x01d90840 sp=0x56e5c1b0
Event: 3271.252 Thread 0x550f4000 DEOPT UNPACKING pc=0x01b9abbc sp=0x56e5c100 mode 2
Event: 3271.905 Thread 0x550f7c00 Thread added: 0x550f7c00
Event: 3272.030 Thread 0x59f8c800 Thread added: 0x59f8c800
Event: 3272.031 Executing VM operation: ParallelGCFailedAllocation


Dynamic libraries:
0x000b0000 - 0x000dd000 	D:\Android Studio\android-studio\jre\bin\java.exe
0x76fa0000 - 0x770e2000 	C:\Windows\SYSTEM32\ntdll.dll
0x75050000 - 0x75125000 	C:\Windows\system32\kernel32.dll
0x74fb0000 - 0x74ffb000 	C:\Windows\system32\KERNELBASE.dll
0x75810000 - 0x758b1000 	C:\Windows\system32\ADVAPI32.dll
0x76200000 - 0x762ac000 	C:\Windows\system32\msvcrt.dll
0x75570000 - 0x75589000 	C:\Windows\SYSTEM32\sechost.dll
0x75140000 - 0x751e2000 	C:\Windows\system32\RPCRT4.dll
0x75590000 - 0x75659000 	C:\Windows\system32\USER32.dll
0x75380000 - 0x753ce000 	C:\Windows\system32\GDI32.dll
0x770f0000 - 0x770fa000 	C:\Windows\system32\LPK.dll
0x754d0000 - 0x7556d000 	C:\Windows\system32\USP10.dll
0x740f0000 - 0x7428e000 	C:\Windows\WinSxS\x86_microsoft.windows.common-controls_6595b64144ccf1df_6.0.7601.24483_none_2b200f664577e14b\COMCTL32.dll
0x753e0000 - 0x75437000 	C:\Windows\system32\SHLWAPI.dll
0x77100000 - 0x7711f000 	C:\Windows\system32\IMM32.DLL
0x77120000 - 0x771ee000 	C:\Windows\system32\MSCTF.dll
0x5fd80000 - 0x5fe3f000 	D:\Android Studio\android-studio\jre\jre\bin\msvcr100.dll
0x51db0000 - 0x52399000 	D:\Android Studio\android-studio\jre\jre\bin\server\jvm.dll
0x74070000 - 0x74077000 	C:\Windows\system32\WSOCK32.dll
0x758c0000 - 0x758f5000 	C:\Windows\system32\WS2_32.dll
0x75aa0000 - 0x75aa6000 	C:\Windows\system32\NSI.dll
0x740a0000 - 0x740d2000 	C:\Windows\system32\WINMM.dll
0x74290000 - 0x74299000 	C:\Windows\system32\VERSION.dll
0x753d0000 - 0x753d5000 	C:\Windows\system32\PSAPI.DLL
0x72730000 - 0x7273c000 	D:\Android Studio\android-studio\jre\jre\bin\verify.dll
0x71d20000 - 0x71d41000 	D:\Android Studio\android-studio\jre\jre\bin\java.dll
0x71ea0000 - 0x71eb4000 	D:\Android Studio\android-studio\jre\jre\bin\zip.dll
0x76350000 - 0x76f9c000 	C:\Windows\system32\SHELL32.dll
0x75220000 - 0x7537f000 	C:\Windows\system32\ole32.dll
0x74d20000 - 0x74d2b000 	C:\Windows\system32\profapi.dll
0x71e80000 - 0x71e95000 	D:\Android Studio\android-studio\jre\jre\bin\net.dll
0x75660000 - 0x757af000 	C:\Windows\system32\urlmon.dll
0x75020000 - 0x75024000 	C:\Windows\system32\api-ms-win-downlevel-ole32-l1-1-0.dll
0x75040000 - 0x75044000 	C:\Windows\system32\api-ms-win-downlevel-shlwapi-l1-1-0.dll
0x74d60000 - 0x74d65000 	C:\Windows\system32\api-ms-win-downlevel-advapi32-l1-1-0.dll
0x75000000 - 0x75004000 	C:\Windows\system32\api-ms-win-downlevel-user32-l1-1-0.dll
0x75030000 - 0x75034000 	C:\Windows\system32\api-ms-win-downlevel-version-l1-1-0.dll
0x75010000 - 0x75013000 	C:\Windows\system32\api-ms-win-downlevel-normaliz-l1-1-0.dll
0x75130000 - 0x75133000 	C:\Windows\system32\normaliz.DLL
0x75b00000 - 0x75d38000 	C:\Windows\system32\iertutil.dll
0x75dc0000 - 0x761f7000 	C:\Windows\system32\WININET.dll
0x74d40000 - 0x74d59000 	C:\Windows\system32\USERENV.dll
0x746a0000 - 0x746dc000 	C:\Windows\system32\mswsock.dll
0x74690000 - 0x74696000 	C:\Windows\System32\wship6.dll
0x72a50000 - 0x72a5f000 	D:\Android Studio\android-studio\jre\jre\bin\nio.dll
0x6ca80000 - 0x6caa1000 	C:\Users\Samuel\.gradle\native\30\windows-i386\native-platform.dll
0x73f50000 - 0x73f53000 	C:\Windows\system32\api-ms-win-core-synch-l1-2-0.DLL
0x71d80000 - 0x71d8a000 	D:\Android Studio\android-studio\jre\jre\bin\management.dll
0x746e0000 - 0x746f7000 	C:\Windows\system32\CRYPTSP.dll
0x74470000 - 0x744ab000 	C:\Windows\system32\rsaenh.dll
0x74c10000 - 0x74c1c000 	C:\Windows\system32\CRYPTBASE.dll
0x72bd0000 - 0x72bec000 	C:\Windows\system32\IPHLPAPI.DLL
0x72bc0000 - 0x72bc7000 	C:\Windows\system32\WINNSI.DLL
0x71730000 - 0x7173d000 	C:\Windows\system32\dhcpcsvc6.DLL
0x71710000 - 0x71722000 	C:\Windows\system32\dhcpcsvc.DLL
0x723f0000 - 0x72410000 	D:\Android Studio\android-studio\jre\jre\bin\sunec.dll
0x73dd0000 - 0x73dd5000 	C:\Windows\System32\wshtcpip.dll
0x74560000 - 0x745a4000 	C:\Windows\system32\DNSAPI.dll
0x71140000 - 0x71161000 	C:\Program Files\Bonjour\mdnsNSP.dll
0x71130000 - 0x71136000 	C:\Windows\system32\rasadhlp.dll
0x71750000 - 0x71788000 	C:\Windows\System32\fwpuclnt.dll
0x728d0000 - 0x728d9000 	D:\Android Studio\android-studio\jre\jre\bin\sunmscapi.dll
0x74e80000 - 0x74fa2000 	C:\Windows\system32\CRYPT32.dll
0x74d30000 - 0x74d3c000 	C:\Windows\system32\MSASN1.dll
0x6f9c0000 - 0x6faab000 	C:\Windows\system32\dbghelp.dll

VM Arguments:
jvm_args: -Xmx1024m -Dfile.encoding=windows-1252 -Duser.country=BR -Duser.language=pt -Duser.variant 
java_command: org.gradle.launcher.daemon.bootstrap.GradleDaemon 5.6.4
java_class_path (initial): C:\Users\Samuel\.gradle\wrapper\dists\gradle-5.6.4-all\ankdp27end7byghfw1q2sw75f\gradle-5.6.4\lib\gradle-launcher-5.6.4.jar
Launcher Type: SUN_STANDARD

Environment Variables:
JAVA_HOME=C:\Program Files\OpenJDK\jdk-8.0.292.10-hotspot\
PATH=C:\Program Files\OpenJDK\jdk-8.0.292.10-hotspot\bin;C:\Windows\system32;C:\Windows;C:\Windows\System32\Wbem;C:\Windows\System32\WindowsPowerShell\v1.0\;C:\Program Files\MySQL\MySQL Utilities 1.6\;C:\Program Files\Git\cmd;C:\Program Files\MongoDB\Server\3.2\bin;C:\Users\Samuel\AppData\Local\Android\Sdk\platform-tools;C:\Program Files\erl10.3\bin;C:\Program Files\Elixir\bin;C:\Windows\system32\config\systemprofile\.mix\escripts;C:\Program Files\dotnet\;C:\Program Files\Microsoft SQL Server\120\Tools\Binn\;C:\Program Files\Microsoft SQL Server\Client SDK\ODBC\170\Tools\Binn\;C:\Program Files\nodejs\;D:\Kotlin\kotlin-compiler-1.5.21\kotlinc\bin;D:\Kotlin\kotlin-native-windows-1.5.21\kotlin-native-windows-1.5.21\bin;;C:\Users\Samuel\AppData\Local\Programs\Microsoft VS Code\bin;C:\Program Files\MongoDB\Server\3.2\bin;C:\Program Files\PostgreSQL\10\bin;C:\Users\Samuel\.dotnet\tools;C:\Users\Samuel\AppData\Roaming\npm;C:\Program Files\JetBrains\IntelliJ IDEA Community Edition 2021.1.3\bin;;C:\Users\Samuel\Downloads\Maven\apache-maven-3.8.1-bin\apache-maven-3.8.1\bin
USERNAME=Samuel
OS=Windows_NT
PROCESSOR_IDENTIFIER=x86 Family 6 Model 23 Stepping 10, GenuineIntel



---------------  S Y S T E M  ---------------

OS: Windows 7 Build 7601 (6.1.7601.24545)

CPU:total 2 (initial active 2) (2 cores per cpu, 1 threads per core) family 6 model 23 stepping 10, cmov, cx8, fxsr, mmx, sse, sse2, sse3, ssse3, tsc

Memory: 4k page, physical 2087224k(21264k free), swap 6183224k(1628572k free)

vm_info: OpenJDK Server VM (25.212-b04) for windows-x86 JRE (1.8.0_212-release-1586-b04), built by "builder" with MS VC++ 10.0 (VS2010)

time: Thu Aug 12 00:09:58 2021
timezone: Hora oficial do Brasil
elapsed time: 3298 seconds (0d 0h 54m 58s)

