#
# A fatal error has been detected by the Java Runtime Environment:
#
#  EXCEPTION_ACCESS_VIOLATION (0xc0000005) at pc=0x51f0165b, pid=5224, tid=0x000008a0
#
# JRE version: OpenJDK Runtime Environment (8.0_212-b04) (build 1.8.0_212-release-1586-b04)
# Java VM: OpenJDK Server VM (25.212-b04 mixed mode windows-x86 )
# Problematic frame:
# V  [jvm.dll+0xb165b]
#
# Failed to write core dump. Minidumps are not enabled by default on client versions of Windows
#
# If you would like to submit a bug report, please visit:
#   
#

---------------  T H R E A D  ---------------

Current thread (0x0114a800):  GCTaskThread [stack: 0x01340000,0x01390000] [id=2208]

siginfo: ExceptionCode=0xc0000005, reading address 0xff000078

Registers:
EAX=0x037ffdef, EBX=0x0122fc28, ECX=0x00410079, EDX=0xff000004
ESP=0x0138fcec, EBP=0x0138fd0c, ESI=0x00000008, EDI=0x11c4ae50
EIP=0x51f0165b, EFLAGS=0x00010202

Top of Stack: (sp=0x0138fcec)
0x0138fcec:   0122fc28 11674108 00000000 5194e178
0x0138fcfc:   11674148 00000000 5194e170 11674138
0x0138fd0c:   0138fd28 51f04543 5449ce90 11674108
0x0138fd1c:   0122fc28 0122fc2c 00000000 0138fd80
0x0138fd2c:   520eaf00 0122fc28 11674108 0122fc28
0x0138fd3c:   011bf330 00000000 520f1890 0122fc28
0x0138fd4c:   5a5a9524 0138fd6c 51fa3e48 5a5a9524
0x0138fd5c:   0122fc28 11674108 00000000 00000000 

Instructions: (pc=0x51f0165b)
0x51f0163b:   25 ff 00 00 00 d3 e2 03 d0 a1 14 a8 39 52 48 8d
0x51f0164b:   34 10 f7 d0 c1 ee 02 c1 e8 02 23 f0 eb 0a 8b 11
0x51f0165b:   8b 42 74 57 ff d0 8b f0 56 57 b9 20 86 3c 52 e8
0x51f0166b:   e1 63 1e 00 84 c0 0f 84 81 00 00 00 56 57 b9 60 


Register to memory mapping:

EAX=0x037ffdef is at entry_point+2223 in (nmethod*)0x037ff2c8
EBX=0x0122fc28 is an unknown value
ECX=0x00410079 is an unknown value
EDX=0xff000004 is an unknown value
ESP=0x0138fcec is an unknown value
EBP=0x0138fd0c is an unknown value
ESI=0x00000008 is an unknown value
EDI=
[error occurred during error reporting (printing register info), id 0xc0000005]

Stack: [0x01340000,0x01390000],  sp=0x0138fcec,  free space=319k
Native frames: (J=compiled Java code, j=interpreted, Vv=VM code, C=native code)
V  [jvm.dll+0xb165b]
V  [jvm.dll+0xb4543]
V  [jvm.dll+0x29af00]
V  [jvm.dll+0x29828c]
V  [jvm.dll+0x2965ac]
V  [jvm.dll+0x1b8e46]
C  [msvcr100.dll+0x5c556]
C  [msvcr100.dll+0x5c600]
C  [kernel32.dll+0x4ef3c]
C  [ntdll.dll+0x6360c]
C  [ntdll.dll+0x635df]


---------------  P R O C E S S  ---------------

Java Threads: ( => current thread )
  0x5a75d000 JavaThread "ForkJoinPool-8-worker-0" daemon [_thread_blocked, id=4152, stack(0x61fe0000,0x62030000)]
  0x5a75b800 JavaThread "ForkJoinPool-8-worker-1" daemon [_thread_blocked, id=568, stack(0x5c6e0000,0x5c730000)]
  0x5d7d9000 JavaThread "WorkerExecutor Queue Thread 3" [_thread_blocked, id=4408, stack(0x62580000,0x625d0000)]
  0x5d7d8400 JavaThread "WorkerExecutor Queue Thread 2" [_thread_blocked, id=5892, stack(0x624e0000,0x62530000)]
  0x5a75d800 JavaThread "Cache worker for Java compile cache (C:\Users\Samuel\AndroidStudioProjects\Keyword2\.gradle\5.6.4\javaCompile)" [_thread_blocked, id=4732, stack(0x58fa0000,0x58ff0000)]
  0x5a75f000 JavaThread "Cache worker for Java compile cache (C:\Users\Samuel\.gradle\caches\5.6.4\javaCompile)" [_thread_blocked, id=1556, stack(0x5c2a0000,0x5c2f0000)]
  0x5a75dc00 JavaThread "RMI TCP Connection(idle)" daemon [_thread_blocked, id=5984, stack(0x58ff0000,0x59040000)]
  0x54a76000 JavaThread "RMI TCP Connection(idle)" daemon [_thread_blocked, id=5320, stack(0x5c7d0000,0x5c820000)]
  0x5a75e400 JavaThread "RMI TCP Connection(idle)" daemon [_thread_blocked, id=2184, stack(0x58d90000,0x58de0000)]
  0x56414800 JavaThread "Cache worker for execution history cache (C:\Users\Samuel\AndroidStudioProjects\Keyword2\.gradle\5.6.4\executionHistory)" [_thread_blocked, id=4988, stack(0x57230000,0x57280000)]
  0x56413c00 JavaThread "Execution worker for ':'" [_thread_blocked, id=4280, stack(0x5c550000,0x5c5a0000)]
  0x56412000 JavaThread "Cache worker for file content cache (C:\Users\Samuel\AndroidStudioProjects\Keyword2\.gradle\5.6.4\fileContent)" [_thread_blocked, id=4048, stack(0x5c470000,0x5c4c0000)]
  0x56412800 JavaThread "Cache worker for Build Output Cleanup Cache (C:\Users\Samuel\AndroidStudioProjects\Keyword2\.gradle\buildOutputCleanup)" [_thread_blocked, id=5764, stack(0x5c130000,0x5c180000)]
  0x56411c00 JavaThread "pool-9-thread-1" [_thread_blocked, id=4464, stack(0x5c0d0000,0x5c120000)]
  0x56412c00 JavaThread "Build operations Thread 2" [_thread_blocked, id=1540, stack(0x5bd50000,0x5bda0000)]
  0x56414c00 JavaThread "Build operations" [_thread_blocked, id=5428, stack(0x5bd00000,0x5bd50000)]
  0x54a7ac00 JavaThread "Cache worker for cache directory md-rule (C:\Users\Samuel\.gradle\caches\5.6.4\md-rule)" [_thread_blocked, id=3376, stack(0x56ba0000,0x56bf0000)]
  0x54a7a800 JavaThread "Cache worker for cache directory md-supplier (C:\Users\Samuel\.gradle\caches\5.6.4\md-supplier)" [_thread_blocked, id=3388, stack(0x5b410000,0x5b460000)]
  0x54a79400 JavaThread "Cache worker for file hash cache (C:\Users\Samuel\AndroidStudioProjects\Keyword2\.gradle\5.6.4\fileHashes)" [_thread_blocked, id=3216, stack(0x59240000,0x59290000)]
  0x54a77400 JavaThread "Thread-83" [_thread_blocked, id=5724, stack(0x56c00000,0x56c50000)]
  0x54a78800 JavaThread "Asynchronous log dispatcher for DefaultDaemonConnection: socket connection from /127.0.0.1:49664 to /127.0.0.1:51174" [_thread_blocked, id=6044, stack(0x58300000,0x58350000)]
  0x54a76c00 JavaThread "Daemon worker Thread 4" [_thread_blocked, id=2536, stack(0x56cf0000,0x56d40000)]
  0x54a7b800 JavaThread "Cancel handler" [_thread_blocked, id=2488, stack(0x56d40000,0x56d90000)]
  0x54a78000 JavaThread "Handler for socket connection from /127.0.0.1:49664 to /127.0.0.1:51174" [_thread_in_native, id=4304, stack(0x51dc0000,0x51e10000)]
  0x54a7c000 JavaThread "Daemon Thread 4" [_thread_blocked, id=1028, stack(0x56c80000,0x56cd0000)]
  0x5a75cc00 JavaThread "RMI Reaper" [_thread_blocked, id=3864, stack(0x59800000,0x59850000)]
  0x5a75c400 JavaThread "RMI TCP Accept-0" daemon [_thread_in_native, id=1912, stack(0x5c4e0000,0x5c530000)]
  0x5a75c000 JavaThread "GC Daemon" daemon [_thread_blocked, id=1844, stack(0x5b360000,0x5b3b0000)]
  0x56415400 JavaThread "RMI Scheduler(0)" daemon [_thread_blocked, id=872, stack(0x5c320000,0x5c370000)]
  0x54a7a000 JavaThread "Cache worker for file content cache (C:\Users\Samuel\.gradle\caches\5.6.4\fileContent)" [_thread_blocked, id=5236, stack(0x58de0000,0x58e30000)]
  0x54a79800 JavaThread "Memory manager" [_thread_blocked, id=5908, stack(0x5b490000,0x5b4e0000)]
  0x54a77c00 JavaThread "Cache worker for execution history cache (C:\Users\Samuel\.gradle\caches\5.6.4\executionHistory)" [_thread_blocked, id=1856, stack(0x591c0000,0x59210000)]
  0x54a75c00 JavaThread "Cache worker for journal cache (C:\Users\Samuel\.gradle\caches\journal-1)" [_thread_blocked, id=4888, stack(0x571e0000,0x57230000)]
  0x54a75400 JavaThread "File lock request listener" [_thread_in_native, id=1148, stack(0x572a0000,0x572f0000)]
  0x54a75000 JavaThread "Cache worker for file hash cache (C:\Users\Samuel\.gradle\caches\5.6.4\fileHashes)" [_thread_blocked, id=5660, stack(0x57140000,0x57190000)]
  0x5535a800 JavaThread "Daemon periodic checks" [_thread_blocked, id=4520, stack(0x54890000,0x548e0000)]
  0x55e8fc00 JavaThread "Incoming local TCP Connector on port 49664" [_thread_in_native, id=5452, stack(0x547c0000,0x54810000)]
  0x55dcd400 JavaThread "Daemon health stats" [_thread_blocked, id=4332, stack(0x56710000,0x56760000)]
  0x5459fc00 JavaThread "Service Thread" daemon [_thread_blocked, id=864, stack(0x548e0000,0x54930000)]
  0x5453f800 JavaThread "C1 CompilerThread1" daemon [_thread_blocked, id=4256, stack(0x54750000,0x547a0000)]
  0x5454ec00 JavaThread "C2 CompilerThread0" daemon [_thread_blocked, id=1172, stack(0x01230000,0x01280000)]
  0x5454c400 JavaThread "Attach Listener" daemon [_thread_blocked, id=2188, stack(0x018d0000,0x01920000)]
  0x5454ac00 JavaThread "Signal Dispatcher" daemon [_thread_blocked, id=3976, stack(0x54810000,0x54860000)]
  0x5452d000 JavaThread "Finalizer" daemon [_thread_blocked, id=5272, stack(0x01920000,0x01970000)]
  0x54526800 JavaThread "Reference Handler" daemon [_thread_blocked, id=1740, stack(0x546d0000,0x54720000)]
  0x0129d400 JavaThread "main" [_thread_blocked, id=5576, stack(0x01970000,0x019c0000)]

Other Threads:
  0x544fe000 VMThread [stack: 0x54660000,0x546b0000] [id=3700]
  0x54548000 WatcherThread [stack: 0x012f0000,0x01340000] [id=4660]

=>0x0114a800 (exited) GCTaskThread [stack: 0x01340000,0x01390000] [id=2208]

VM state:at safepoint (normal execution)

VM Mutex/Monitor currently owned by a thread:  ([mutex/lock_event])
[0x0129b688] Threads_lock - owner thread: 0x544fe000
[0x0129ba98] Heap_lock - owner thread: 0x5a75b800

Heap:
 PSYoungGen      total 282368K, used 60818K [0x3bcc0000, 0x51200000, 0x51200000)
  eden space 221440K, 0% used [0x3bcc0000,0x3bcc0000,0x49500000)
  from space 60928K, 99% used [0x49500000,0x4d064bb0,0x4d080000)
  to   space 67072K, 0% used [0x4d080000,0x4d080000,0x51200000)
 ParOldGen       total 103168K, used 86814K [0x11200000, 0x176c0000, 0x3bcc0000)
  object space 103168K, 84% used [0x11200000,0x166c78d0,0x176c0000)
 Metaspace       used 60233K, capacity 62166K, committed 62208K, reserved 62848K

Card table byte_map: [0x51200000,0x51410000] byte_map_base: 0x51177000

Marking Bits: (ParMarkBitMap*) 0x523c8620
 Begin Bits: [0x52440000, 0x53440000)
 End Bits:   [0x53440000, 0x54440000)

Polling page: 0x00190000

CodeCache: size=245760Kb used=40008Kb max_used=40030Kb free=205751Kb
 bounds [0x01c90000, 0x043d8000, 0x10c90000]
 total_blobs=14968 nmethods=14477 adapters=403
 compilation: enabled

Compilation events (10 events):
Event: 2526.050 Thread 0x5453f800 17795       2       com.android.tools.r8.graph.DexValue$e::a (17 bytes)
Event: 2526.050 Thread 0x5453f800 nmethod 17795 0x04397d88 code [0x04397ea0, 0x04397fd8]
Event: 2526.054 Thread 0x5453f800 17796       2       com.android.tools.r8.graph.DexValue$c::a (17 bytes)
Event: 2526.055 Thread 0x5453f800 nmethod 17796 0x04397988 code [0x04397ac0, 0x04397c04]
Event: 2526.089 Thread 0x5453f800 17797       2       com.android.tools.r8.graph.a::d (24 bytes)
Event: 2526.090 Thread 0x5453f800 nmethod 17797 0x043a5a08 code [0x043a5b00, 0x043a5be0]
Event: 2526.090 Thread 0x5453f800 17798       2       com.android.tools.r8.graph.a::c (20 bytes)
Event: 2526.090 Thread 0x5453f800 nmethod 17798 0x043a57c8 code [0x043a58c0, 0x043a59a0]
Event: 2526.125 Thread 0x5453f800 17799       2       com.android.tools.r8.graph.DexValue$k::a (43 bytes)
Event: 2526.126 Thread 0x5453f800 nmethod 17799 0x043a4f08 code [0x043a5080, 0x043a532c]

GC Heap History (10 events):
Event: 2007.859 GC heap after
Heap after GC invocations=25 (full 5):
 PSYoungGen      total 285440K, used 38648K [0x3bcc0000, 0x51200000, 0x51200000)
  eden space 227584K, 0% used [0x3bcc0000,0x3bcc0000,0x49b00000)
  from space 57856K, 66% used [0x4d980000,0x4ff3e320,0x51200000)
  to   space 60928K, 0% used [0x49b00000,0x49b00000,0x4d680000)
 ParOldGen       total 170240K, used 131837K [0x11200000, 0x1b840000, 0x3bcc0000)
  object space 170240K, 77% used [0x11200000,0x192bf620,0x1b840000)
 Metaspace       used 59410K, capacity 61300K, committed 61312K, reserved 61824K
}
Event: 2036.294 GC heap before
{Heap before GC invocations=26 (full 5):
 PSYoungGen      total 285440K, used 261948K [0x3bcc0000, 0x51200000, 0x51200000)
  eden space 227584K, 98% used [0x3bcc0000,0x496d0d90,0x49b00000)
  from space 57856K, 66% used [0x4d980000,0x4ff3e320,0x51200000)
  to   space 60928K, 0% used [0x49b00000,0x49b00000,0x4d680000)
 ParOldGen       total 170240K, used 131837K [0x11200000, 0x1b840000, 0x3bcc0000)
  object space 170240K, 77% used [0x11200000,0x192bf620,0x1b840000)
 Metaspace       used 59438K, capacity 61332K, committed 61440K, reserved 61824K
Event: 2036.610 GC heap after
Heap after GC invocations=26 (full 5):
 PSYoungGen      total 288512K, used 7709K [0x3bcc0000, 0x51200000, 0x51200000)
  eden space 227584K, 0% used [0x3bcc0000,0x3bcc0000,0x49b00000)
  from space 60928K, 12% used [0x49b00000,0x4a2877f8,0x4d680000)
  to   space 59392K, 0% used [0x4d800000,0x4d800000,0x51200000)
 ParOldGen       total 170240K, used 140638K [0x11200000, 0x1b840000, 0x3bcc0000)
  object space 170240K, 82% used [0x11200000,0x19b57a78,0x1b840000)
 Metaspace       used 59438K, capacity 61332K, committed 61440K, reserved 61824K
}
Event: 2036.624 GC heap before
{Heap before GC invocations=27 (full 6):
 PSYoungGen      total 288512K, used 7709K [0x3bcc0000, 0x51200000, 0x51200000)
  eden space 227584K, 0% used [0x3bcc0000,0x3bcc0000,0x49b00000)
  from space 60928K, 12% used [0x49b00000,0x4a2877f8,0x4d680000)
  to   space 59392K, 0% used [0x4d800000,0x4d800000,0x51200000)
 ParOldGen       total 170240K, used 140638K [0x11200000, 0x1b840000, 0x3bcc0000)
  object space 170240K, 82% used [0x11200000,0x19b57a78,0x1b840000)
 Metaspace       used 59438K, capacity 61332K, committed 61440K, reserved 61824K
Event: 2085.364 GC heap after
Heap after GC invocations=27 (full 6):
 PSYoungGen      total 288512K, used 0K [0x3bcc0000, 0x51200000, 0x51200000)
  eden space 227584K, 0% used [0x3bcc0000,0x3bcc0000,0x49b00000)
  from space 60928K, 0% used [0x49b00000,0x49b00000,0x4d680000)
  to   space 59392K, 0% used [0x4d800000,0x4d800000,0x51200000)
 ParOldGen       total 103168K, used 54309K [0x11200000, 0x176c0000, 0x3bcc0000)
  object space 103168K, 52% used [0x11200000,0x14709748,0x176c0000)
 Metaspace       used 59438K, capacity 61332K, committed 61440K, reserved 61824K
}
Event: 2499.450 GC heap before
{Heap before GC invocations=28 (full 6):
 PSYoungGen      total 288512K, used 227246K [0x3bcc0000, 0x51200000, 0x51200000)
  eden space 227584K, 99% used [0x3bcc0000,0x49aab928,0x49b00000)
  from space 60928K, 0% used [0x49b00000,0x49b00000,0x4d680000)
  to   space 59392K, 0% used [0x4d800000,0x4d800000,0x51200000)
 ParOldGen       total 103168K, used 54309K [0x11200000, 0x176c0000, 0x3bcc0000)
  object space 103168K, 52% used [0x11200000,0x14709748,0x176c0000)
 Metaspace       used 60218K, capacity 62166K, committed 62208K, reserved 62848K
Event: 2521.744 GC heap after
Heap after GC invocations=28 (full 6):
 PSYoungGen      total 280832K, used 43222K [0x3bcc0000, 0x51200000, 0x51200000)
  eden space 221440K, 0% used [0x3bcc0000,0x3bcc0000,0x49500000)
  from space 59392K, 72% used [0x4d800000,0x50235a00,0x51200000)
  to   space 64000K, 0% used [0x49500000,0x49500000,0x4d380000)
 ParOldGen       total 103168K, used 54309K [0x11200000, 0x176c0000, 0x3bcc0000)
  object space 103168K, 52% used [0x11200000,0x14709748,0x176c0000)
 Metaspace       used 60218K, capacity 62166K, committed 62208K, reserved 62848K
}
Event: 2526.152 GC heap before
{Heap before GC invocations=29 (full 6):
 PSYoungGen      total 280832K, used 264662K [0x3bcc0000, 0x51200000, 0x51200000)
  eden space 221440K, 100% used [0x3bcc0000,0x49500000,0x49500000)
  from space 59392K, 72% used [0x4d800000,0x50235a00,0x51200000)
  to   space 64000K, 0% used [0x49500000,0x49500000,0x4d380000)
 ParOldGen       total 103168K, used 54309K [0x11200000, 0x176c0000, 0x3bcc0000)
  object space 103168K, 52% used [0x11200000,0x14709748,0x176c0000)
 Metaspace       used 60233K, capacity 62166K, committed 62208K, reserved 62848K
Event: 2537.342 GC heap after
Heap after GC invocations=29 (full 6):
 PSYoungGen      total 282368K, used 60818K [0x3bcc0000, 0x51200000, 0x51200000)
  eden space 221440K, 0% used [0x3bcc0000,0x3bcc0000,0x49500000)
  from space 60928K, 99% used [0x49500000,0x4d064bb0,0x4d080000)
  to   space 67072K, 0% used [0x4d080000,0x4d080000,0x51200000)
 ParOldGen       total 103168K, used 86814K [0x11200000, 0x176c0000, 0x3bcc0000)
  object space 103168K, 84% used [0x11200000,0x166c78d0,0x176c0000)
 Metaspace       used 60233K, capacity 62166K, committed 62208K, reserved 62848K
}
Event: 2537.363 GC heap before
{Heap before GC invocations=30 (full 7):
 PSYoungGen      total 282368K, used 60818K [0x3bcc0000, 0x51200000, 0x51200000)
  eden space 221440K, 0% used [0x3bcc0000,0x3bcc0000,0x49500000)
  from space 60928K, 99% used [0x49500000,0x4d064bb0,0x4d080000)
  to   space 67072K, 0% used [0x4d080000,0x4d080000,0x51200000)
 ParOldGen       total 103168K, used 86814K [0x11200000, 0x176c0000, 0x3bcc0000)
  object space 103168K, 84% used [0x11200000,0x166c78d0,0x176c0000)
 Metaspace       used 60233K, capacity 62166K, committed 62208K, reserved 62848K

Deoptimization events (10 events):
Event: 2490.861 Thread 0x5d7d8400 Uncommon trap: reason=class_check action=maybe_recompile pc=0x03fad664 method=com.android.tools.r8.graph.T.computeEquals(Ljava/lang/Object;)Z @ 1
Event: 2490.871 Thread 0x5d7d8400 Uncommon trap: reason=class_check action=maybe_recompile pc=0x03fad664 method=com.android.tools.r8.graph.T.computeEquals(Ljava/lang/Object;)Z @ 1
Event: 2490.871 Thread 0x5d7d8400 Uncommon trap: reason=class_check action=maybe_recompile pc=0x03fad664 method=com.android.tools.r8.graph.T.computeEquals(Ljava/lang/Object;)Z @ 1
Event: 2491.222 Thread 0x5d7d8400 Uncommon trap: reason=class_check action=maybe_recompile pc=0x03fad664 method=com.android.tools.r8.graph.T.computeEquals(Ljava/lang/Object;)Z @ 1
Event: 2491.633 Thread 0x5d7d8400 Uncommon trap: reason=unstable_if action=reinterpret pc=0x0284d4e0 method=com.android.tools.r8.v.a.a.a.f.x0.a(ILjava/lang/Object;)Ljava/lang/Object; @ 95
Event: 2491.702 Thread 0x5d7d8400 Uncommon trap: reason=bimorphic action=maybe_recompile pc=0x0422d8f4 method=com.android.tools.r8.ir.regalloc.LinearScanRegisterAllocator.getRegisterForValue(Lcom/android/tools/r8/u/b/g1;I)I @ 1
Event: 2491.702 Thread 0x5d7d8400 Uncommon trap: reason=bimorphic action=maybe_recompile pc=0x0422d8f4 method=com.android.tools.r8.ir.regalloc.LinearScanRegisterAllocator.getRegisterForValue(Lcom/android/tools/r8/u/b/g1;I)I @ 1
Event: 2491.706 Thread 0x5d7d8400 Uncommon trap: reason=bimorphic action=maybe_recompile pc=0x0422d8f4 method=com.android.tools.r8.ir.regalloc.LinearScanRegisterAllocator.getRegisterForValue(Lcom/android/tools/r8/u/b/g1;I)I @ 1
Event: 2491.706 Thread 0x5d7d8400 Uncommon trap: reason=bimorphic action=maybe_recompile pc=0x0422d8f4 method=com.android.tools.r8.ir.regalloc.LinearScanRegisterAllocator.getRegisterForValue(Lcom/android/tools/r8/u/b/g1;I)I @ 1
Event: 2492.576 Thread 0x54a76c00 Uncommon trap: reason=unstable_if action=reinterpret pc=0x0352de00 method=java.util.concurrent.ConcurrentHashMap.computeIfAbsent(Ljava/lang/Object;Ljava/util/function/Function;)Ljava/lang/Object; @ 234

Classes redefined (0 events):
No events

Internal exceptions (10 events):
Event: 2483.340 Thread 0x54a77400 Exception <a 'java/lang/NoSuchMethodError': <clinit>> (0x425c5118) thrown at [D:\src\AOSP-openjdk-cygwin\jdk8u\hotspot\src\share\vm\prims\jni.cpp, line 1614]
Event: 2489.751 Thread 0x5d7d8400 Exception <a 'sun/nio/fs/WindowsException'> (0x45a94be8) thrown at [D:\src\AOSP-openjdk-cygwin\jdk8u\hotspot\src\share\vm\prims\jni.cpp, line 710]
Event: 2491.980 Thread 0x5d7d8400 Exception <a 'sun/nio/fs/WindowsException'> (0x463476d0) thrown at [D:\src\AOSP-openjdk-cygwin\jdk8u\hotspot\src\share\vm\prims\jni.cpp, line 710]
Event: 2492.155 Thread 0x5d7d8400 Exception <a 'sun/nio/fs/WindowsException'> (0x46356168) thrown at [D:\src\AOSP-openjdk-cygwin\jdk8u\hotspot\src\share\vm\prims\jni.cpp, line 710]
Event: 2492.180 Thread 0x5d7d8400 Exception <a 'sun/nio/fs/WindowsException'> (0x4635dcb8) thrown at [D:\src\AOSP-openjdk-cygwin\jdk8u\hotspot\src\share\vm\prims\jni.cpp, line 710]
Event: 2492.258 Thread 0x5d7d8400 Exception <a 'sun/nio/fs/WindowsException'> (0x4636f0d8) thrown at [D:\src\AOSP-openjdk-cygwin\jdk8u\hotspot\src\share\vm\prims\jni.cpp, line 710]
Event: 2492.265 Thread 0x5d7d8400 Exception <a 'sun/nio/fs/WindowsException'> (0x464b6420) thrown at [D:\src\AOSP-openjdk-cygwin\jdk8u\hotspot\src\share\vm\prims\jni.cpp, line 710]
Event: 2492.283 Thread 0x5d7d8400 Exception <a 'sun/nio/fs/WindowsException'> (0x464bdfc0) thrown at [D:\src\AOSP-openjdk-cygwin\jdk8u\hotspot\src\share\vm\prims\jni.cpp, line 710]
Event: 2492.288 Thread 0x5d7d8400 Exception <a 'sun/nio/fs/WindowsException'> (0x464c69d0) thrown at [D:\src\AOSP-openjdk-cygwin\jdk8u\hotspot\src\share\vm\prims\jni.cpp, line 710]
Event: 2496.850 Thread 0x5d7d9000 Exception <a 'sun/nio/fs/WindowsException'> (0x474e6eb8) thrown at [D:\src\AOSP-openjdk-cygwin\jdk8u\hotspot\src\share\vm\prims\jni.cpp, line 710]

Events (10 events):
Event: 2524.615 Thread 0x5a75b800 DEOPT UNPACKING pc=0x01ccc2f5 sp=0x5c72f7e4 mode 0
Event: 2524.711 Thread 0x5a75b800 DEOPT PACKING pc=0x03a1f7e1 sp=0x5c72f830
Event: 2524.711 Thread 0x5a75b800 DEOPT UNPACKING pc=0x01ccc2f5 sp=0x5c72f6c8 mode 0
Event: 2524.716 Thread 0x5a75b800 DEOPT PACKING pc=0x03a218f1 sp=0x5c72f8f0
Event: 2524.716 Thread 0x5a75b800 DEOPT UNPACKING pc=0x01ccc2f5 sp=0x5c72f7f4 mode 0
Event: 2525.031 Thread 0x5a75b800 DEOPT PACKING pc=0x03a5b1b6 sp=0x5c72f9b0
Event: 2525.032 Thread 0x5a75b800 DEOPT UNPACKING pc=0x01ccc2f5 sp=0x5c72f8d8 mode 0
Event: 2525.218 Thread 0x5a75b800 DEOPT PACKING pc=0x03bc6629 sp=0x5c72f610
Event: 2525.219 Thread 0x5a75b800 DEOPT UNPACKING pc=0x01ccc2f5 sp=0x5c72f8a4 mode 0
Event: 2526.152 Executing VM operation: ParallelGCFailedAllocation


Dynamic libraries:
0x013a0000 - 0x013cd000 	D:\Android Studio\android-studio\jre\bin\java.exe
0x77d30000 - 0x77e72000 	C:\Windows\SYSTEM32\ntdll.dll
0x77140000 - 0x77215000 	C:\Windows\system32\kernel32.dll
0x75d00000 - 0x75d4b000 	C:\Windows\system32\KERNELBASE.dll
0x77870000 - 0x77911000 	C:\Windows\system32\ADVAPI32.dll
0x76f30000 - 0x76fdc000 	C:\Windows\system32\msvcrt.dll
0x77ef0000 - 0x77f09000 	C:\Windows\SYSTEM32\sechost.dll
0x77250000 - 0x772f2000 	C:\Windows\system32\RPCRT4.dll
0x77920000 - 0x779e9000 	C:\Windows\system32\USER32.dll
0x76e80000 - 0x76ece000 	C:\Windows\system32\GDI32.dll
0x76fe0000 - 0x76fea000 	C:\Windows\system32\LPK.dll
0x77300000 - 0x7739d000 	C:\Windows\system32\USP10.dll
0x74e80000 - 0x7501e000 	C:\Windows\WinSxS\x86_microsoft.windows.common-controls_6595b64144ccf1df_6.0.7601.24483_none_2b200f664577e14b\COMCTL32.dll
0x77f10000 - 0x77f67000 	C:\Windows\system32\SHLWAPI.dll
0x77e80000 - 0x77e9f000 	C:\Windows\system32\IMM32.DLL
0x77c60000 - 0x77d2e000 	C:\Windows\system32\MSCTF.dll
0x58ec0000 - 0x58f7f000 	D:\Android Studio\android-studio\jre\jre\bin\msvcr100.dll
0x51e50000 - 0x52439000 	D:\Android Studio\android-studio\jre\jre\bin\server\jvm.dll
0x74e00000 - 0x74e07000 	C:\Windows\system32\WSOCK32.dll
0x77ea0000 - 0x77ed5000 	C:\Windows\system32\WS2_32.dll
0x77f70000 - 0x77f76000 	C:\Windows\system32\NSI.dll
0x74e30000 - 0x74e62000 	C:\Windows\system32\WINMM.dll
0x75020000 - 0x75029000 	C:\Windows\system32\VERSION.dll
0x76e70000 - 0x76e75000 	C:\Windows\system32\PSAPI.DLL
0x5c820000 - 0x5c82c000 	D:\Android Studio\android-studio\jre\jre\bin\verify.dll
0x59290000 - 0x592b1000 	D:\Android Studio\android-studio\jre\jre\bin\java.dll
0x5c730000 - 0x5c744000 	D:\Android Studio\android-studio\jre\jre\bin\zip.dll
0x75de0000 - 0x76a2c000 	C:\Windows\system32\SHELL32.dll
0x779f0000 - 0x77b4f000 	C:\Windows\system32\ole32.dll
0x75ac0000 - 0x75acb000 	C:\Windows\system32\profapi.dll
0x59040000 - 0x59055000 	D:\Android Studio\android-studio\jre\jre\bin\net.dll
0x76ff0000 - 0x7713f000 	C:\Windows\system32\urlmon.dll
0x75bc0000 - 0x75bc4000 	C:\Windows\system32\api-ms-win-downlevel-ole32-l1-1-0.dll
0x75bb0000 - 0x75bb4000 	C:\Windows\system32\api-ms-win-downlevel-shlwapi-l1-1-0.dll
0x75b20000 - 0x75b25000 	C:\Windows\system32\api-ms-win-downlevel-advapi32-l1-1-0.dll
0x75b10000 - 0x75b14000 	C:\Windows\system32\api-ms-win-downlevel-user32-l1-1-0.dll
0x75b00000 - 0x75b04000 	C:\Windows\system32\api-ms-win-downlevel-version-l1-1-0.dll
0x75ba0000 - 0x75ba3000 	C:\Windows\system32\api-ms-win-downlevel-normaliz-l1-1-0.dll
0x77ee0000 - 0x77ee3000 	C:\Windows\system32\normaliz.DLL
0x775e0000 - 0x77818000 	C:\Windows\system32\iertutil.dll
0x76a30000 - 0x76e67000 	C:\Windows\system32\WININET.dll
0x75b60000 - 0x75b79000 	C:\Windows\system32\USERENV.dll
0x75420000 - 0x7545c000 	C:\Windows\system32\mswsock.dll
0x75410000 - 0x75416000 	C:\Windows\System32\wship6.dll
0x58e80000 - 0x58e8f000 	D:\Android Studio\android-studio\jre\jre\bin\nio.dll
0x012a0000 - 0x012c1000 	C:\Users\Samuel\.gradle\native\30\windows-i386\native-platform.dll
0x74ce0000 - 0x74ce3000 	C:\Windows\system32\api-ms-win-core-synch-l1-2-0.DLL
0x58e60000 - 0x58e6a000 	D:\Android Studio\android-studio\jre\jre\bin\management.dll
0x75460000 - 0x75477000 	C:\Windows\system32\CRYPTSP.dll
0x751f0000 - 0x7522b000 	C:\Windows\system32\rsaenh.dll
0x759a0000 - 0x759ac000 	C:\Windows\system32\CRYPTBASE.dll
0x73920000 - 0x7393c000 	C:\Windows\system32\IPHLPAPI.DLL
0x73940000 - 0x73947000 	C:\Windows\system32\WINNSI.DLL
0x724c0000 - 0x724cd000 	C:\Windows\system32\dhcpcsvc6.DLL
0x72440000 - 0x72452000 	C:\Windows\system32\dhcpcsvc.DLL
0x75950000 - 0x7599c000 	C:\Windows\system32\apphelp.dll
0x51da0000 - 0x51db9000 	C:\Users\Samuel\AppData\Local\Temp\native-platform4821915077255718491dir\native-platform.dll
0x706a0000 - 0x7078b000 	C:\Windows\system32\dbghelp.dll

VM Arguments:
jvm_args: -Xmx1024m -Dfile.encoding=windows-1252 -Duser.country=BR -Duser.language=pt -Duser.variant 
java_command: org.gradle.launcher.daemon.bootstrap.GradleDaemon 5.6.4
java_class_path (initial): C:\Users\Samuel\.gradle\wrapper\dists\gradle-5.6.4-all\ankdp27end7byghfw1q2sw75f\gradle-5.6.4\lib\gradle-launcher-5.6.4.jar
Launcher Type: SUN_STANDARD

Environment Variables:
JAVA_HOME=C:\Program Files\OpenJDK\jdk-8.0.292.10-hotspot\
PATH=C:\Program Files\OpenJDK\jdk-8.0.292.10-hotspot\bin;C:\Windows\system32;C:\Windows;C:\Windows\System32\Wbem;C:\Windows\System32\WindowsPowerShell\v1.0\;C:\Program Files\MySQL\MySQL Utilities 1.6\;C:\Program Files\Git\cmd;C:\Program Files\MongoDB\Server\3.2\bin;C:\Users\Samuel\AppData\Local\Android\Sdk\platform-tools;C:\Program Files\erl10.3\bin;C:\Program Files\Elixir\bin;C:\Windows\system32\config\systemprofile\.mix\escripts;C:\Program Files\dotnet\;C:\Program Files\Microsoft SQL Server\120\Tools\Binn\;C:\Program Files\Microsoft SQL Server\Client SDK\ODBC\170\Tools\Binn\;C:\Program Files\nodejs\;D:\Kotlin\kotlin-compiler-1.5.21\kotlinc\bin;D:\Kotlin\kotlin-native-windows-1.5.21\kotlin-native-windows-1.5.21\bin;;C:\Users\Samuel\AppData\Local\Programs\Microsoft VS Code\bin;C:\Program Files\MongoDB\Server\3.2\bin;C:\Program Files\PostgreSQL\10\bin;C:\Users\Samuel\.dotnet\tools;C:\Users\Samuel\AppData\Roaming\npm;C:\Program Files\JetBrains\IntelliJ IDEA Community Edition 2021.1.3\bin;;C:\Users\Samuel\Downloads\Maven\apache-maven-3.8.1-bin\apache-maven-3.8.1\bin
USERNAME=Samuel
OS=Windows_NT
PROCESSOR_IDENTIFIER=x86 Family 6 Model 23 Stepping 10, GenuineIntel



---------------  S Y S T E M  ---------------

OS: Windows 7 Build 7601 (6.1.7601.24545)

CPU:total 2 (initial active 2) (2 cores per cpu, 1 threads per core) family 6 model 23 stepping 10, cmov, cx8, fxsr, mmx, sse, sse2, sse3, ssse3, tsc

Memory: 4k page, physical 2087224k(37132k free), swap 6183224k(2275192k free)

vm_info: OpenJDK Server VM (25.212-b04) for windows-x86 JRE (1.8.0_212-release-1586-b04), built by "builder" with MS VC++ 10.0 (VS2010)

time: Tue Aug 17 09:26:44 2021
timezone: Hora oficial do Brasil
elapsed time: 2541 seconds (0d 0h 42m 21s)

