#
# A fatal error has been detected by the Java Runtime Environment:
#
#  EXCEPTION_ACCESS_VIOLATION (0xc0000005) at pc=0xffffff00, pid=1472, tid=0x0000079c
#
# JRE version: OpenJDK Runtime Environment (8.0_212-b04) (build 1.8.0_212-release-1586-b04)
# Java VM: OpenJDK Server VM (25.212-b04 mixed mode windows-x86 )
# Problematic frame:
# C  0xffffff00
#
# Failed to write core dump. Minidumps are not enabled by default on client versions of Windows
#
# If you would like to submit a bug report, please visit:
#   
#

---------------  T H R E A D  ---------------

Current thread (0x011ea800):  GCTaskThread [stack: 0x51520000,0x51570000] [id=1948]

siginfo: ExceptionCode=0xc0000005, reading address 0xffffff00

Registers:
EAX=0x544c6ac0, EBX=0x51013440, ECX=0x5d8dae90, EDX=0xffffff00
ESP=0x5156fb2c, EBP=0x5156fb64, ESI=0x13687d08, EDI=0x0000002f
EIP=0xffffff00, EFLAGS=0x00010207

Top of Stack: (sp=0x5156fb2c)
0x5156fb2c:   520e50fb 544c6ac0 13687d08 0125b248
0x5156fb3c:   544c6ac0 011ea900 00000100 00000000
0x5156fb4c:   5102e537 51013400 51013400 13686e10
0x5156fb5c:   13690000 011e2ca0 5156fb8c 520f472a
0x5156fb6c:   011e2d90 51013438 16ca6c48 544c6ac0
0x5156fb7c:   13688000 51013481 0125b248 011ea800
0x5156fb8c:   5156fc08 520e65ac 011e89a8 00000001
0x5156fb9c:   00000000 011ea800 00000000 011ea800 

Instructions: (pc=0xffffff00)
0xfffffee0:   
[error occurred during error reporting (printing registers, top of stack, instructions near pc), id 0xc0000005]

Register to memory mapping:

EAX=0x544c6ac0 is an unknown value
EBX=0x51013440 is an unknown value
ECX=0x5d8dae90 is pointing into metadata
EDX=0xffffff00 is an unknown value
ESP=0x5156fb2c is an unknown value
EBP=0x5156fb64 is an unknown value
ESI=
[error occurred during error reporting (printing register info), id 0xc0000005]

Stack: [0x51520000,0x51570000],  sp=0x5156fb2c,  free space=318k
Native frames: (J=compiled Java code, j=interpreted, Vv=VM code, C=native code)
C  0xffffff00
V  [jvm.dll+0x2a472a]
V  [jvm.dll+0x2965ac]
V  [jvm.dll+0x1b8e46]
C  [msvcr100.dll+0x5c556]
C  [msvcr100.dll+0x5c600]
C  [kernel32.dll+0x4ef3c]
C  [ntdll.dll+0x6360c]
C  [ntdll.dll+0x635df]


---------------  P R O C E S S  ---------------

Java Threads: ( => current thread )
  0x55fa1c00 JavaThread "Cache worker for execution history cache (C:\Users\Samuel\AndroidStudioProjects\Keyword2\.gradle\5.6.4\executionHistory)" [_thread_blocked, id=1828, stack(0x5b250000,0x5b2a0000)]
  0x560dd800 JavaThread "Execution worker for ':'" [_thread_blocked, id=5076, stack(0x5bf30000,0x5bf80000)]
  0x560e0000 JavaThread "Cache worker for file content cache (C:\Users\Samuel\AndroidStudioProjects\Keyword2\.gradle\5.6.4\fileContent)" [_thread_blocked, id=4904, stack(0x56f30000,0x56f80000)]
  0x560dc400 JavaThread "Cache worker for Build Output Cleanup Cache (C:\Users\Samuel\AndroidStudioProjects\Keyword2\.gradle\buildOutputCleanup)" [_thread_blocked, id=1900, stack(0x58da0000,0x58df0000)]
  0x560dd400 JavaThread "pool-4-thread-1" [_thread_blocked, id=5376, stack(0x57410000,0x57460000)]
  0x58406000 JavaThread "Build operations Thread 2" [_thread_blocked, id=5200, stack(0x59b10000,0x59b60000)]
  0x58405c00 JavaThread "Build operations" [_thread_blocked, id=4208, stack(0x592f0000,0x59340000)]
  0x58406c00 JavaThread "Cache worker for cache directory md-rule (C:\Users\Samuel\.gradle\caches\5.6.4\md-rule)" [_thread_blocked, id=3212, stack(0x56e00000,0x56e50000)]
  0x58408000 JavaThread "Cache worker for cache directory md-supplier (C:\Users\Samuel\.gradle\caches\5.6.4\md-supplier)" [_thread_blocked, id=4512, stack(0x58f80000,0x58fd0000)]
  0x574c4800 JavaThread "Cache worker for file hash cache (C:\Users\Samuel\AndroidStudioProjects\Keyword2\.gradle\5.6.4\fileHashes)" [_thread_blocked, id=1740, stack(0x56d40000,0x56d90000)]
  0x574c7c00 JavaThread "Thread-46" [_thread_blocked, id=5308, stack(0x58fd0000,0x59020000)]
  0x574c5c00 JavaThread "Stdin handler" [_thread_blocked, id=2088, stack(0x56d90000,0x56de0000)]
  0x574c5000 JavaThread "Asynchronous log dispatcher for DefaultDaemonConnection: socket connection from /127.0.0.1:60670 to /127.0.0.1:59521" [_thread_blocked, id=4576, stack(0x57300000,0x57350000)]
  0x574c5800 JavaThread "Daemon worker Thread 2" [_thread_blocked, id=4392, stack(0x546e0000,0x54730000)]
  0x574c7000 JavaThread "Cancel handler" [_thread_blocked, id=3344, stack(0x56fb0000,0x57000000)]
  0x574c6800 JavaThread "Handler for socket connection from /127.0.0.1:60670 to /127.0.0.1:59521" [_thread_in_native, id=2812, stack(0x56ee0000,0x56f30000)]
  0x574c7400 JavaThread "Daemon Thread 2" [_thread_blocked, id=4536, stack(0x01350000,0x013a0000)]
  0x58409400 JavaThread "RMI Reaper" [_thread_blocked, id=2520, stack(0x5c210000,0x5c260000)]
  0x58408c00 JavaThread "RMI TCP Accept-0" daemon [_thread_in_native, id=6044, stack(0x5c100000,0x5c150000)]
  0x58408800 JavaThread "GC Daemon" daemon [_thread_blocked, id=1000, stack(0x5bf80000,0x5bfd0000)]
  0x58407c00 JavaThread "RMI Scheduler(0)" daemon [_thread_blocked, id=5524, stack(0x57000000,0x57050000)]
  0x560df800 JavaThread "Cache worker for file content cache (C:\Users\Samuel\.gradle\caches\5.6.4\fileContent)" [_thread_blocked, id=2152, stack(0x5b610000,0x5b660000)]
  0x560df000 JavaThread "Memory manager" [_thread_blocked, id=720, stack(0x59ac0000,0x59b10000)]
  0x55fa3c00 JavaThread "Cache worker for execution history cache (C:\Users\Samuel\.gradle\caches\5.6.4\executionHistory)" [_thread_blocked, id=5500, stack(0x573b0000,0x57400000)]
  0x55fa1800 JavaThread "Cache worker for journal cache (C:\Users\Samuel\.gradle\caches\journal-1)" [_thread_blocked, id=4648, stack(0x56e70000,0x56ec0000)]
  0x55fa1000 JavaThread "File lock request listener" [_thread_in_native, id=1936, stack(0x57470000,0x574c0000)]
  0x55fa0c00 JavaThread "Cache worker for file hash cache (C:\Users\Samuel\.gradle\caches\5.6.4\fileHashes)" [_thread_blocked, id=2948, stack(0x57360000,0x573b0000)]
  0x55d97c00 JavaThread "Daemon periodic checks" [_thread_blocked, id=5252, stack(0x55670000,0x556c0000)]
  0x55d86400 JavaThread "Incoming local TCP Connector on port 60670" [_thread_in_native, id=2084, stack(0x56b00000,0x56b50000)]
  0x55c66400 JavaThread "Daemon health stats" [_thread_blocked, id=4308, stack(0x56920000,0x56970000)]
  0x5459e000 JavaThread "Service Thread" daemon [_thread_blocked, id=4552, stack(0x54750000,0x547a0000)]
  0x5453d000 JavaThread "C1 CompilerThread1" daemon [_thread_blocked, id=4448, stack(0x54920000,0x54970000)]
  0x5454a000 JavaThread "C2 CompilerThread0" daemon [_thread_blocked, id=5152, stack(0x548d0000,0x54920000)]
  0x54548c00 JavaThread "Attach Listener" daemon [_thread_blocked, id=2224, stack(0x547d0000,0x54820000)]
  0x54547800 JavaThread "Signal Dispatcher" daemon [_thread_blocked, id=1876, stack(0x54660000,0x546b0000)]
  0x54529800 JavaThread "Finalizer" daemon [_thread_blocked, id=5232, stack(0x51370000,0x513c0000)]
  0x54522800 JavaThread "Reference Handler" daemon [_thread_blocked, id=1064, stack(0x51e00000,0x51e50000)]
  0x0037d400 JavaThread "main" [_thread_blocked, id=4136, stack(0x00300000,0x00350000)]

Other Threads:
  0x544fa400 VMThread [stack: 0x513f0000,0x51440000] [id=4188]
  0x54595800 WatcherThread [stack: 0x54860000,0x548b0000] [id=4884]

=>0x011ea800 (exited) GCTaskThread [stack: 0x51520000,0x51570000] [id=1948]

VM state:at safepoint (normal execution)

VM Mutex/Monitor currently owned by a thread:  ([mutex/lock_event])
[0x0037b688] Threads_lock - owner thread: 0x544fa400
[0x0037ba98] Heap_lock - owner thread: 0x574c5800

Heap:
 PSYoungGen      total 305408K, used 277981K [0x3bac0000, 0x51000000, 0x51000000)
  eden space 259328K, 100% used [0x3bac0000,0x4b800000,0x4b800000)
  from space 46080K, 40% used [0x4e300000,0x4f537720,0x51000000)
  to   space 44032K, 23% used [0x4b800000,0x4c21d168,0x4e300000)
 ParOldGen       total 141312K, used 94875K [0x11000000, 0x19a00000, 0x3bac0000)
  object space 141312K, 67% used [0x11000000,0x16ca6c48,0x19a00000)
 Metaspace       used 57859K, capacity 59684K, committed 59776K, reserved 59776K

Card table byte_map: [0x51000000,0x51210000] byte_map_base: 0x50f78000

Marking Bits: (ParMarkBitMap*) 0x523c8620
 Begin Bits: [0x52440000, 0x53440000)
 End Bits:   [0x53440000, 0x54440000)

Polling page: 0x00140000

CodeCache: size=245760Kb used=32185Kb max_used=32203Kb free=213574Kb
 bounds [0x01b90000, 0x03b20000, 0x10b90000]
 total_blobs=12704 nmethods=12220 adapters=397
 compilation: enabled

Compilation events (10 events):
Event: 1469.766 Thread 0x5453d000 nmethod 14406 0x03b060c8 code [0x03b06200, 0x03b0656c]
Event: 1469.766 Thread 0x5453d000 14407       3       com.android.ide.common.resources.configuration.LocaleQualifier::getQualifier (181 bytes)
Event: 1469.769 Thread 0x5453d000 nmethod 14407 0x03b0af48 code [0x03b0b2a0, 0x03b0cd10]
Event: 1469.784 Thread 0x5453d000 14409       3       com.google.common.collect.ArrayListMultimap::put (7 bytes)
Event: 1469.784 Thread 0x5453d000 nmethod 14409 0x03b05d88 code [0x03b05ea0, 0x03b05fec]
Event: 1469.793 Thread 0x5453d000 14410       3       com.android.ide.common.resources.ResourceSet::createFileAndItemsFromXml (7 bytes)
Event: 1469.793 Thread 0x5453d000 nmethod 14410 0x03b05a88 code [0x03b05ba0, 0x03b05d0c]
Event: 1469.849 Thread 0x5454a000 nmethod 14403 0x03b11048 code [0x03b11320, 0x03b1310c]
Event: 1469.849 Thread 0x5454a000 14404       4       com.sun.org.apache.xerces.internal.dom.ElementNSImpl::getLocalName (16 bytes)
Event: 1469.860 Thread 0x5453d000 14412       3       com.google.common.base.Splitter$SplittingIterator::<init> (39 bytes)

GC Heap History (10 events):
Event: 90.980 GC heap after
Heap after GC invocations=16 (full 3):
 PSYoungGen      total 209152K, used 486K [0x3bac0000, 0x4cfc0000, 0x51000000)
  eden space 189440K, 0% used [0x3bac0000,0x3bac0000,0x473c0000)
  from space 19712K, 2% used [0x473c0000,0x47439a30,0x48700000)
  to   space 23552K, 0% used [0x4b8c0000,0x4b8c0000,0x4cfc0000)
 ParOldGen       total 77568K, used 43367K [0x11000000, 0x15bc0000, 0x3bac0000)
  object space 77568K, 55% used [0x11000000,0x13a59c58,0x15bc0000)
 Metaspace       used 44363K, capacity 45445K, committed 45516K, reserved 46464K
}
Event: 138.638 GC heap before
{Heap before GC invocations=17 (full 3):
 PSYoungGen      total 209152K, used 189926K [0x3bac0000, 0x4cfc0000, 0x51000000)
  eden space 189440K, 100% used [0x3bac0000,0x473c0000,0x473c0000)
  from space 19712K, 2% used [0x473c0000,0x47439a30,0x48700000)
  to   space 23552K, 0% used [0x4b8c0000,0x4b8c0000,0x4cfc0000)
 ParOldGen       total 77568K, used 43367K [0x11000000, 0x15bc0000, 0x3bac0000)
  object space 77568K, 55% used [0x11000000,0x13a59c58,0x15bc0000)
 Metaspace       used 46672K, capacity 47851K, committed 47872K, reserved 48512K
Event: 139.298 GC heap after
Heap after GC invocations=17 (full 3):
 PSYoungGen      total 257024K, used 21513K [0x3bac0000, 0x4d5c0000, 0x51000000)
  eden space 233472K, 0% used [0x3bac0000,0x3bac0000,0x49ec0000)
  from space 23552K, 91% used [0x4b8c0000,0x4cdc2660,0x4cfc0000)
  to   space 26624K, 0% used [0x49ec0000,0x49ec0000,0x4b8c0000)
 ParOldGen       total 77568K, used 43875K [0x11000000, 0x15bc0000, 0x3bac0000)
  object space 77568K, 56% used [0x11000000,0x13ad8e88,0x15bc0000)
 Metaspace       used 46672K, capacity 47851K, committed 47872K, reserved 48512K
}
Event: 150.462 GC heap before
{Heap before GC invocations=18 (full 3):
 PSYoungGen      total 257024K, used 254985K [0x3bac0000, 0x4d5c0000, 0x51000000)
  eden space 233472K, 100% used [0x3bac0000,0x49ec0000,0x49ec0000)
  from space 23552K, 91% used [0x4b8c0000,0x4cdc2660,0x4cfc0000)
  to   space 26624K, 0% used [0x49ec0000,0x49ec0000,0x4b8c0000)
 ParOldGen       total 77568K, used 43875K [0x11000000, 0x15bc0000, 0x3bac0000)
  object space 77568K, 56% used [0x11000000,0x13ad8e88,0x15bc0000)
 Metaspace       used 52182K, capacity 53821K, committed 53888K, reserved 54656K
Event: 151.252 GC heap after
Heap after GC invocations=18 (full 3):
 PSYoungGen      total 260096K, used 26623K [0x3bac0000, 0x51000000, 0x51000000)
  eden space 233472K, 0% used [0x3bac0000,0x3bac0000,0x49ec0000)
  from space 26624K, 99% used [0x49ec0000,0x4b8bff18,0x4b8c0000)
  to   space 46080K, 0% used [0x4e300000,0x4e300000,0x51000000)
 ParOldGen       total 84992K, used 84744K [0x11000000, 0x16300000, 0x3bac0000)
  object space 84992K, 99% used [0x11000000,0x162c20f8,0x16300000)
 Metaspace       used 52182K, capacity 53821K, committed 53888K, reserved 54656K
}
Event: 151.252 GC heap before
{Heap before GC invocations=19 (full 4):
 PSYoungGen      total 260096K, used 26623K [0x3bac0000, 0x51000000, 0x51000000)
  eden space 233472K, 0% used [0x3bac0000,0x3bac0000,0x49ec0000)
  from space 26624K, 99% used [0x49ec0000,0x4b8bff18,0x4b8c0000)
  to   space 46080K, 0% used [0x4e300000,0x4e300000,0x51000000)
 ParOldGen       total 84992K, used 84744K [0x11000000, 0x16300000, 0x3bac0000)
  object space 84992K, 99% used [0x11000000,0x162c20f8,0x16300000)
 Metaspace       used 52182K, capacity 53821K, committed 53888K, reserved 54656K
Event: 153.901 GC heap after
Heap after GC invocations=19 (full 4):
 PSYoungGen      total 260096K, used 20185K [0x3bac0000, 0x51000000, 0x51000000)
  eden space 233472K, 0% used [0x3bac0000,0x3bac0000,0x49ec0000)
  from space 26624K, 75% used [0x49ec0000,0x4b276470,0x4b8c0000)
  to   space 46080K, 0% used [0x4e300000,0x4e300000,0x51000000)
 ParOldGen       total 141312K, used 84902K [0x11000000, 0x19a00000, 0x3bac0000)
  object space 141312K, 60% used [0x11000000,0x162e9aa0,0x19a00000)
 Metaspace       used 52176K, capacity 53806K, committed 53888K, reserved 54656K
}
Event: 163.974 GC heap before
{Heap before GC invocations=20 (full 4):
 PSYoungGen      total 260096K, used 253657K [0x3bac0000, 0x51000000, 0x51000000)
  eden space 233472K, 100% used [0x3bac0000,0x49ec0000,0x49ec0000)
  from space 26624K, 75% used [0x49ec0000,0x4b276470,0x4b8c0000)
  to   space 46080K, 0% used [0x4e300000,0x4e300000,0x51000000)
 ParOldGen       total 141312K, used 84902K [0x11000000, 0x19a00000, 0x3bac0000)
  object space 141312K, 60% used [0x11000000,0x162e9aa0,0x19a00000)
 Metaspace       used 54499K, capacity 56218K, committed 56320K, reserved 56704K
Event: 164.148 GC heap after
Heap after GC invocations=20 (full 4):
 PSYoungGen      total 305408K, used 18653K [0x3bac0000, 0x51000000, 0x51000000)
  eden space 259328K, 0% used [0x3bac0000,0x3bac0000,0x4b800000)
  from space 46080K, 40% used [0x4e300000,0x4f537720,0x51000000)
  to   space 44032K, 0% used [0x4b800000,0x4b800000,0x4e300000)
 ParOldGen       total 141312K, used 94875K [0x11000000, 0x19a00000, 0x3bac0000)
  object space 141312K, 67% used [0x11000000,0x16ca6c48,0x19a00000)
 Metaspace       used 54499K, capacity 56218K, committed 56320K, reserved 56704K
}
Event: 1469.862 GC heap before
{Heap before GC invocations=21 (full 4):
 PSYoungGen      total 305408K, used 277981K [0x3bac0000, 0x51000000, 0x51000000)
  eden space 259328K, 100% used [0x3bac0000,0x4b800000,0x4b800000)
  from space 46080K, 40% used [0x4e300000,0x4f537720,0x51000000)
  to   space 44032K, 0% used [0x4b800000,0x4b800000,0x4e300000)
 ParOldGen       total 141312K, used 94875K [0x11000000, 0x19a00000, 0x3bac0000)
  object space 141312K, 67% used [0x11000000,0x16ca6c48,0x19a00000)
 Metaspace       used 57859K, capacity 59684K, committed 59776K, reserved 59776K

Deoptimization events (10 events):
Event: 1467.701 Thread 0x574c5800 Uncommon trap: reason=unstable_if action=reinterpret pc=0x02300abc method=com.sun.org.apache.xerces.internal.impl.XMLEntityScanner.scanContent(Lcom/sun/org/apache/xerces/internal/xni/XMLString;)I @ 44
Event: 1467.793 Thread 0x574c5800 Uncommon trap: reason=unstable_if action=reinterpret pc=0x02811030 method=java.lang.Character.isSurrogate(C)Z @ 3
Event: 1468.018 Thread 0x574c5800 Uncommon trap: reason=unstable_if action=reinterpret pc=0x026555ec method=com.sun.org.apache.xerces.internal.dom.DeferredDocumentImpl.clearChunkValue([[Ljava/lang/Object;II)Ljava/lang/String; @ 3
Event: 1468.223 Thread 0x574c5800 Uncommon trap: reason=unstable_if action=reinterpret pc=0x0388b984 method=java.lang.Long.getChars(JI[C)V @ 9
Event: 1469.085 Thread 0x574c5800 Uncommon trap: reason=class_check action=maybe_recompile pc=0x03ad4218 method=com.sun.org.apache.xerces.internal.dom.NamedNodeMapImpl.findNamePoint(Ljava/lang/String;I)I @ 54
Event: 1469.085 Thread 0x574c5800 Uncommon trap: reason=class_check action=maybe_recompile pc=0x03ad4218 method=com.sun.org.apache.xerces.internal.dom.NamedNodeMapImpl.findNamePoint(Ljava/lang/String;I)I @ 54
Event: 1469.085 Thread 0x574c5800 Uncommon trap: reason=class_check action=maybe_recompile pc=0x03ad4218 method=com.sun.org.apache.xerces.internal.dom.NamedNodeMapImpl.findNamePoint(Ljava/lang/String;I)I @ 54
Event: 1469.085 Thread 0x574c5800 Uncommon trap: reason=class_check action=maybe_recompile pc=0x03ad4218 method=com.sun.org.apache.xerces.internal.dom.NamedNodeMapImpl.findNamePoint(Ljava/lang/String;I)I @ 54
Event: 1469.647 Thread 0x574c5800 Uncommon trap: reason=unstable_if action=reinterpret pc=0x03afcc1c method=com.sun.org.apache.xerces.internal.dom.DeferredDocumentImpl.getChunkIndex([[III)I @ 3
Event: 1469.649 Thread 0x574c5800 Uncommon trap: reason=unstable_if action=reinterpret pc=0x03ad10d0 method=com.sun.org.apache.xerces.internal.dom.DeferredDocumentImpl.getChunkIndex([[III)I @ 3

Classes redefined (0 events):
No events

Internal exceptions (10 events):
Event: 195.273 Thread 0x55e34000 Implicit null exception at 0x02ae647c to 0x02ae66b5
Event: 195.273 Thread 0x55e34000 Implicit null exception at 0x0315e70b to 0x0315ec75
Event: 198.744 Thread 0x55e34000 Exception <a 'sun/nio/fs/WindowsException'> (0x3e8af8a8) thrown at [D:\src\AOSP-openjdk-cygwin\jdk8u\hotspot\src\share\vm\prims\jni.cpp, line 710]
Event: 199.574 Thread 0x55e34000 Implicit null exception at 0x03651635 to 0x03652289
Event: 222.463 Thread 0x55e34000 Exception <a 'sun/nio/fs/WindowsException'> (0x44e12aa8) thrown at [D:\src\AOSP-openjdk-cygwin\jdk8u\hotspot\src\share\vm\prims\jni.cpp, line 710]
Event: 1448.305 Thread 0x574c5800 Exception <a 'sun/nio/fs/WindowsException'> (0x4697f438) thrown at [D:\src\AOSP-openjdk-cygwin\jdk8u\hotspot\src\share\vm\prims\jni.cpp, line 710]
Event: 1449.531 Thread 0x574c5800 Implicit null exception at 0x03704e67 to 0x03704f51
Event: 1468.018 Thread 0x574c5800 Implicit null exception at 0x0265548a to 0x026555d9
Event: 1469.647 Thread 0x574c5800 Implicit null exception at 0x03afc3e2 to 0x03afcc11
Event: 1469.648 Thread 0x574c5800 Implicit null exception at 0x03ad0ea7 to 0x03ad10b1

Events (10 events):
Event: 1469.085 Thread 0x574c5800 Uncommon trap: trap_request=0xffffffde fr.pc=0x03ad4218
Event: 1469.085 Thread 0x574c5800 DEOPT PACKING pc=0x03ad4218 sp=0x5472bd50
Event: 1469.085 Thread 0x574c5800 DEOPT UNPACKING pc=0x01bcabbc sp=0x5472bd54 mode 2
Event: 1469.647 Thread 0x574c5800 Uncommon trap: trap_request=0xffffff65 fr.pc=0x03afcc1c
Event: 1469.647 Thread 0x574c5800 DEOPT PACKING pc=0x03afcc1c sp=0x5472bd70
Event: 1469.647 Thread 0x574c5800 DEOPT UNPACKING pc=0x01bcabbc sp=0x5472bc90 mode 2
Event: 1469.648 Thread 0x574c5800 Uncommon trap: trap_request=0xffffff65 fr.pc=0x03ad10d0
Event: 1469.649 Thread 0x574c5800 DEOPT PACKING pc=0x03ad10d0 sp=0x5472bce0
Event: 1469.649 Thread 0x574c5800 DEOPT UNPACKING pc=0x01bcabbc sp=0x5472bc84 mode 2
Event: 1469.860 Executing VM operation: ParallelGCFailedAllocation


Dynamic libraries:
0x013a0000 - 0x013cd000 	D:\Android Studio\android-studio\jre\bin\java.exe
0x77d30000 - 0x77e72000 	C:\Windows\SYSTEM32\ntdll.dll
0x77140000 - 0x77215000 	C:\Windows\system32\kernel32.dll
0x75d00000 - 0x75d4b000 	C:\Windows\system32\KERNELBASE.dll
0x77870000 - 0x77911000 	C:\Windows\system32\ADVAPI32.dll
0x76f30000 - 0x76fdc000 	C:\Windows\system32\msvcrt.dll
0x77ef0000 - 0x77f09000 	C:\Windows\SYSTEM32\sechost.dll
0x77250000 - 0x772f2000 	C:\Windows\system32\RPCRT4.dll
0x77920000 - 0x779e9000 	C:\Windows\system32\USER32.dll
0x76e80000 - 0x76ece000 	C:\Windows\system32\GDI32.dll
0x76fe0000 - 0x76fea000 	C:\Windows\system32\LPK.dll
0x77300000 - 0x7739d000 	C:\Windows\system32\USP10.dll
0x74e80000 - 0x7501e000 	C:\Windows\WinSxS\x86_microsoft.windows.common-controls_6595b64144ccf1df_6.0.7601.24483_none_2b200f664577e14b\COMCTL32.dll
0x77f10000 - 0x77f67000 	C:\Windows\system32\SHLWAPI.dll
0x77e80000 - 0x77e9f000 	C:\Windows\system32\IMM32.DLL
0x77c60000 - 0x77d2e000 	C:\Windows\system32\MSCTF.dll
0x58ec0000 - 0x58f7f000 	D:\Android Studio\android-studio\jre\jre\bin\msvcr100.dll
0x51e50000 - 0x52439000 	D:\Android Studio\android-studio\jre\jre\bin\server\jvm.dll
0x74e00000 - 0x74e07000 	C:\Windows\system32\WSOCK32.dll
0x77ea0000 - 0x77ed5000 	C:\Windows\system32\WS2_32.dll
0x77f70000 - 0x77f76000 	C:\Windows\system32\NSI.dll
0x74e30000 - 0x74e62000 	C:\Windows\system32\WINMM.dll
0x75020000 - 0x75029000 	C:\Windows\system32\VERSION.dll
0x76e70000 - 0x76e75000 	C:\Windows\system32\PSAPI.DLL
0x5c820000 - 0x5c82c000 	D:\Android Studio\android-studio\jre\jre\bin\verify.dll
0x59290000 - 0x592b1000 	D:\Android Studio\android-studio\jre\jre\bin\java.dll
0x5c730000 - 0x5c744000 	D:\Android Studio\android-studio\jre\jre\bin\zip.dll
0x75de0000 - 0x76a2c000 	C:\Windows\system32\SHELL32.dll
0x779f0000 - 0x77b4f000 	C:\Windows\system32\ole32.dll
0x75ac0000 - 0x75acb000 	C:\Windows\system32\profapi.dll
0x59040000 - 0x59055000 	D:\Android Studio\android-studio\jre\jre\bin\net.dll
0x76ff0000 - 0x7713f000 	C:\Windows\system32\urlmon.dll
0x75bc0000 - 0x75bc4000 	C:\Windows\system32\api-ms-win-downlevel-ole32-l1-1-0.dll
0x75bb0000 - 0x75bb4000 	C:\Windows\system32\api-ms-win-downlevel-shlwapi-l1-1-0.dll
0x75b20000 - 0x75b25000 	C:\Windows\system32\api-ms-win-downlevel-advapi32-l1-1-0.dll
0x75b10000 - 0x75b14000 	C:\Windows\system32\api-ms-win-downlevel-user32-l1-1-0.dll
0x75b00000 - 0x75b04000 	C:\Windows\system32\api-ms-win-downlevel-version-l1-1-0.dll
0x75ba0000 - 0x75ba3000 	C:\Windows\system32\api-ms-win-downlevel-normaliz-l1-1-0.dll
0x77ee0000 - 0x77ee3000 	C:\Windows\system32\normaliz.DLL
0x775e0000 - 0x77818000 	C:\Windows\system32\iertutil.dll
0x76a30000 - 0x76e67000 	C:\Windows\system32\WININET.dll
0x75b60000 - 0x75b79000 	C:\Windows\system32\USERENV.dll
0x75420000 - 0x7545c000 	C:\Windows\system32\mswsock.dll
0x75410000 - 0x75416000 	C:\Windows\System32\wship6.dll
0x58e80000 - 0x58e8f000 	D:\Android Studio\android-studio\jre\jre\bin\nio.dll
0x001b0000 - 0x001d1000 	C:\Users\Samuel\.gradle\native\30\windows-i386\native-platform.dll
0x74ce0000 - 0x74ce3000 	C:\Windows\system32\api-ms-win-core-synch-l1-2-0.DLL
0x58e60000 - 0x58e6a000 	D:\Android Studio\android-studio\jre\jre\bin\management.dll
0x75460000 - 0x75477000 	C:\Windows\system32\CRYPTSP.dll
0x751f0000 - 0x7522b000 	C:\Windows\system32\rsaenh.dll
0x759a0000 - 0x759ac000 	C:\Windows\system32\CRYPTBASE.dll
0x73920000 - 0x7393c000 	C:\Windows\system32\IPHLPAPI.DLL
0x73940000 - 0x73947000 	C:\Windows\system32\WINNSI.DLL
0x724c0000 - 0x724cd000 	C:\Windows\system32\dhcpcsvc6.DLL
0x72440000 - 0x72452000 	C:\Windows\system32\dhcpcsvc.DLL
0x706a0000 - 0x7078b000 	C:\Windows\system32\dbghelp.dll

VM Arguments:
jvm_args: -Xmx1024m -Dfile.encoding=windows-1252 -Duser.country=BR -Duser.language=pt -Duser.variant 
java_command: org.gradle.launcher.daemon.bootstrap.GradleDaemon 5.6.4
java_class_path (initial): C:\Users\Samuel\.gradle\wrapper\dists\gradle-5.6.4-all\ankdp27end7byghfw1q2sw75f\gradle-5.6.4\lib\gradle-launcher-5.6.4.jar
Launcher Type: SUN_STANDARD

Environment Variables:
JAVA_HOME=C:\Program Files\OpenJDK\jdk-8.0.292.10-hotspot\
PATH=C:\Program Files\OpenJDK\jdk-8.0.292.10-hotspot\bin;C:\Windows\system32;C:\Windows;C:\Windows\System32\Wbem;C:\Windows\System32\WindowsPowerShell\v1.0\;C:\Program Files\MySQL\MySQL Utilities 1.6\;C:\Program Files\Git\cmd;C:\Program Files\MongoDB\Server\3.2\bin;C:\Users\Samuel\AppData\Local\Android\Sdk\platform-tools;C:\Program Files\erl10.3\bin;C:\Program Files\Elixir\bin;C:\Windows\system32\config\systemprofile\.mix\escripts;C:\Program Files\dotnet\;C:\Program Files\Microsoft SQL Server\120\Tools\Binn\;C:\Program Files\Microsoft SQL Server\Client SDK\ODBC\170\Tools\Binn\;C:\Program Files\nodejs\;D:\Kotlin\kotlin-compiler-1.5.21\kotlinc\bin;D:\Kotlin\kotlin-native-windows-1.5.21\kotlin-native-windows-1.5.21\bin;;C:\Users\Samuel\AppData\Local\Programs\Microsoft VS Code\bin;C:\Program Files\MongoDB\Server\3.2\bin;C:\Program Files\PostgreSQL\10\bin;C:\Users\Samuel\.dotnet\tools;C:\Users\Samuel\AppData\Roaming\npm;C:\Program Files\JetBrains\IntelliJ IDEA Community Edition 2021.1.3\bin;;C:\Users\Samuel\Downloads\Maven\apache-maven-3.8.1-bin\apache-maven-3.8.1\bin
USERNAME=Samuel
OS=Windows_NT
PROCESSOR_IDENTIFIER=x86 Family 6 Model 23 Stepping 10, GenuineIntel



---------------  S Y S T E M  ---------------

OS: Windows 7 Build 7601 (6.1.7601.24545)

CPU:total 2 (initial active 2) (2 cores per cpu, 1 threads per core) family 6 model 23 stepping 10, cmov, cx8, fxsr, mmx, sse, sse2, sse3, ssse3, tsc

Memory: 4k page, physical 2087224k(70244k free), swap 6183224k(1918892k free)

vm_info: OpenJDK Server VM (25.212-b04) for windows-x86 JRE (1.8.0_212-release-1586-b04), built by "builder" with MS VC++ 10.0 (VS2010)

time: Tue Aug 17 11:00:06 2021
timezone: Hora oficial do Brasil
elapsed time: 1474 seconds (0d 0h 24m 34s)

