#
# A fatal error has been detected by the Java Runtime Environment:
#
#  Internal Error (methodData.cpp:1025), pid=5832, tid=0x000014cc
#  Error: ShouldNotReachHere()
#
# JRE version: OpenJDK Runtime Environment (8.0_212-b04) (build 1.8.0_212-release-1586-b04)
# Java VM: OpenJDK Server VM (25.212-b04 mixed mode windows-x86 )
# Failed to write core dump. Minidumps are not enabled by default on client versions of Windows
#
# If you would like to submit a bug report, please visit:
#   
#

---------------  T H R E A D  ---------------

Current thread (0x51e8a400):  VMThread [stack: 0x00480000,0x004d0000] [id=5324]

Stack: [0x00480000,0x004d0000],  sp=0x004cf398,  free space=316k
Native frames: (J=compiled Java code, j=interpreted, Vv=VM code, C=native code)
V  [jvm.dll+0x1a67db]
V  [jvm.dll+0x19ee04]
V  [jvm.dll+0xc0827]
V  [jvm.dll+0xadb21]
V  [jvm.dll+0xb9db0]
V  [jvm.dll+0x29ffb1]
V  [jvm.dll+0x2a0dcf]
V  [jvm.dll+0x2a4505]
V  [jvm.dll+0x296cbe]
V  [jvm.dll+0x2a62ca]
V  [jvm.dll+0x17d0ab]
V  [jvm.dll+0x17c4ba]
V  [jvm.dll+0x17c8d7]
V  [jvm.dll+0x17cad2]
V  [jvm.dll+0x1b8e46]
C  [msvcr100.dll+0x5c556]
C  [msvcr100.dll+0x5c600]
C  [kernel32.dll+0x4ef3c]
C  [ntdll.dll+0x6360c]
C  [ntdll.dll+0x635df]

VM_Operation (0x5ec5ea34): ParallelGCFailedAllocation, mode: safepoint, requested by thread 0x52df8c00


---------------  P R O C E S S  ---------------

Java Threads: ( => current thread )
  0x5da8fc00 JavaThread "ForkJoinPool-15-worker-0" daemon [_thread_blocked, id=4840, stack(0x5bd90000,0x5bde0000)]
  0x5da92400 JavaThread "ForkJoinPool-15-worker-1" daemon [_thread_blocked, id=4280, stack(0x5b430000,0x5b480000)]
  0x5d911c00 JavaThread "WorkerExecutor Queue Thread 2" [_thread_blocked, id=3896, stack(0x59ad0000,0x59b20000)]
  0x52df8c00 JavaThread "WorkerExecutor Queue" [_thread_blocked, id=5604, stack(0x5ec10000,0x5ec60000)]
  0x52df9800 JavaThread "RMI TCP Connection(idle)" daemon [_thread_blocked, id=2536, stack(0x549b0000,0x54a00000)]
  0x5d911800 JavaThread "Cache worker for execution history cache (C:\Users\Samuel\AndroidStudioProjects\Keyword2\.gradle\5.6.4\executionHistory)" [_thread_blocked, id=4908, stack(0x111b0000,0x11200000)]
  0x5d910c00 JavaThread "Execution worker for ':'" [_thread_blocked, id=5948, stack(0x5e9a0000,0x5e9f0000)]
  0x5d910400 JavaThread "Cache worker for file content cache (C:\Users\Samuel\AndroidStudioProjects\Keyword2\.gradle\5.6.4\fileContent)" [_thread_blocked, id=3792, stack(0x5c210000,0x5c260000)]
  0x5d911000 JavaThread "Cache worker for Build Output Cleanup Cache (C:\Users\Samuel\AndroidStudioProjects\Keyword2\.gradle\buildOutputCleanup)" [_thread_blocked, id=3324, stack(0x590b0000,0x59100000)]
  0x5d90f800 JavaThread "pool-14-thread-1" [_thread_blocked, id=2604, stack(0x596a0000,0x596f0000)]
  0x5d910000 JavaThread "Build operations Thread 2" [_thread_blocked, id=584, stack(0x59650000,0x596a0000)]
  0x5d90f000 JavaThread "Build operations" [_thread_blocked, id=1172, stack(0x5d470000,0x5d4c0000)]
  0x5d90e400 JavaThread "Cache worker for cache directory md-rule (C:\Users\Samuel\.gradle\caches\5.6.4\md-rule)" [_thread_blocked, id=2264, stack(0x5bf20000,0x5bf70000)]
  0x53e8ac00 JavaThread "Cache worker for cache directory md-supplier (C:\Users\Samuel\.gradle\caches\5.6.4\md-supplier)" [_thread_blocked, id=2424, stack(0x5bed0000,0x5bf20000)]
  0x53e88c00 JavaThread "Cache worker for file hash cache (C:\Users\Samuel\AndroidStudioProjects\Keyword2\.gradle\5.6.4\fileHashes)" [_thread_blocked, id=2016, stack(0x59a20000,0x59a70000)]
  0x53e88400 JavaThread "Thread-157" [_thread_blocked, id=3584, stack(0x019d0000,0x01a20000)]
  0x5a7e7800 JavaThread "Asynchronous log dispatcher for DefaultDaemonConnection: socket connection from /127.0.0.1:58900 to /127.0.0.1:54286" [_thread_blocked, id=5092, stack(0x59100000,0x59150000)]
  0x5a7eac00 JavaThread "Daemon worker Thread 8" [_thread_blocked, id=3716, stack(0x54960000,0x549b0000)]
  0x5a7eb000 JavaThread "Cancel handler" [_thread_blocked, id=5312, stack(0x573d0000,0x57420000)]
  0x5a7ea400 JavaThread "Handler for socket connection from /127.0.0.1:58900 to /127.0.0.1:54286" [_thread_in_native, id=3484, stack(0x54ac0000,0x54b10000)]
  0x5a7ea000 JavaThread "Daemon Thread 8" [_thread_blocked, id=2024, stack(0x58630000,0x58680000)]
  0x5da91c00 JavaThread "Cache worker for Java compile cache (C:\Users\Samuel\.gradle\caches\5.6.4\javaCompile)" [_thread_blocked, id=3928, stack(0x5ccc0000,0x5cd10000)]
  0x5da91000 JavaThread "RMI TCP Accept-0" daemon [_thread_in_native, id=2320, stack(0x5a190000,0x5a1e0000)]
  0x5a7e8c00 JavaThread "RMI Reaper" [_thread_blocked, id=2620, stack(0x54a70000,0x54ac0000)]
  0x5a7e8400 JavaThread "RMI TCP Accept-0" daemon [_thread_in_native, id=4748, stack(0x5be00000,0x5be50000)]
  0x5a7e8000 JavaThread "GC Daemon" daemon [_thread_blocked, id=4384, stack(0x5bf80000,0x5bfd0000)]
  0x53e8bc00 JavaThread "RMI Scheduler(0)" daemon [_thread_blocked, id=4928, stack(0x5be60000,0x5beb0000)]
  0x53e8a000 JavaThread "Cache worker for file content cache (C:\Users\Samuel\.gradle\caches\5.6.4\fileContent)" [_thread_blocked, id=2920, stack(0x5b3e0000,0x5b430000)]
  0x53e89800 JavaThread "Memory manager" [_thread_blocked, id=1012, stack(0x59a80000,0x59ad0000)]
  0x52df9400 JavaThread "Cache worker for execution history cache (C:\Users\Samuel\.gradle\caches\5.6.4\executionHistory)" [_thread_blocked, id=588, stack(0x54320000,0x54370000)]
  0x52df7400 JavaThread "Cache worker for journal cache (C:\Users\Samuel\.gradle\caches\journal-1)" [_thread_blocked, id=5908, stack(0x531d0000,0x53220000)]
  0x52df6c00 JavaThread "File lock request listener" [_thread_in_native, id=5372, stack(0x57380000,0x573d0000)]
  0x52df6800 JavaThread "Cache worker for file hash cache (C:\Users\Samuel\.gradle\caches\5.6.4\fileHashes)" [_thread_blocked, id=5292, stack(0x54a00000,0x54a50000)]
  0x52dd4000 JavaThread "Daemon periodic checks" [_thread_blocked, id=4916, stack(0x53230000,0x53280000)]
  0x52dd4c00 JavaThread "Incoming local TCP Connector on port 58900" [_thread_in_native, id=4640, stack(0x01880000,0x018d0000)]
  0x53b77400 JavaThread "Daemon health stats" [_thread_blocked, id=2860, stack(0x54390000,0x543e0000)]
  0x51f39800 JavaThread "Service Thread" daemon [_thread_blocked, id=3564, stack(0x522c0000,0x52310000)]
  0x51ed2c00 JavaThread "C1 CompilerThread1" daemon [_thread_blocked, id=5040, stack(0x520e0000,0x52130000)]
  0x51eda800 JavaThread "C2 CompilerThread0" daemon [_thread_blocked, id=3776, stack(0x52160000,0x521b0000)]
  0x51ed8c00 JavaThread "Attach Listener" daemon [_thread_blocked, id=1668, stack(0x11150000,0x111a0000)]
  0x51ed7800 JavaThread "Signal Dispatcher" daemon [_thread_blocked, id=2292, stack(0x521c0000,0x52210000)]
  0x51eb9800 JavaThread "Finalizer" daemon [_thread_blocked, id=4484, stack(0x01830000,0x01880000)]
  0x51eb2800 JavaThread "Reference Handler" daemon [_thread_blocked, id=3984, stack(0x01a20000,0x01a70000)]
  0x018dd400 JavaThread "main" [_thread_blocked, id=2252, stack(0x018f0000,0x01940000)]

Other Threads:
=>0x51e8a400 VMThread [stack: 0x00480000,0x004d0000] [id=5324]
  0x51ee5000 WatcherThread [stack: 0x52410000,0x52460000] [id=1564]

VM state:at safepoint (normal execution)

VM Mutex/Monitor currently owned by a thread:  ([mutex/lock_event])
[0x018db688] Threads_lock - owner thread: 0x51e8a400
[0x018dba98] Heap_lock - owner thread: 0x52df8c00

Heap:
 PSYoungGen      total 239104K, used 58449K [0x3bcc0000, 0x51200000, 0x51200000)
  eden space 180480K, 0% used [0x3bcc0000,0x3bcc0000,0x46d00000)
  from space 58624K, 99% used [0x46d00000,0x4a6146a8,0x4a640000)
  to   space 88064K, 0% used [0x4bc00000,0x4bc00000,0x51200000)
 ParOldGen       total 146944K, used 115599K [0x11200000, 0x1a180000, 0x3bcc0000)
  object space 146944K, 78% used [0x11200000,0x182e3d18,0x1a180000)
 Metaspace       used 79980K, capacity 82799K, committed 82816K, reserved 83328K

Card table byte_map: [0x51200000,0x51410000] byte_map_base: 0x51177000

Marking Bits: (ParMarkBitMap*) 0x551b8620
 Begin Bits: [0x55230000, 0x56230000)
 End Bits:   [0x56230000, 0x57230000)

Polling page: 0x00140000

CodeCache: size=245760Kb used=51385Kb max_used=51396Kb free=194374Kb
 bounds [0x01d80000, 0x04fe8000, 0x10d80000]
 total_blobs=18226 nmethods=17739 adapters=399
 compilation: enabled

Compilation events (10 events):
Event: 3897.678 Thread 0x51ed2c00 nmethod 22375 0x04fdd948 code [0x04fdda60, 0x04fddcac]
Event: 3897.688 Thread 0x51ed2c00 22377       3       com.android.tools.r8.dex.c$$Lambda$1282/27872224::accept (12 bytes)
Event: 3897.689 Thread 0x51ed2c00 nmethod 22377 0x04fdb2c8 code [0x04fdb480, 0x04fdbdb0]
Event: 3897.690 Thread 0x51eda800 nmethod 22373 0x04fdaf48 code [0x04fdb040, 0x04fdb130]
Event: 3897.690 Thread 0x51eda800 22376       4       com.android.tools.r8.dex.c$$Lambda$1281/24445949::apply (13 bytes)
Event: 3897.691 Thread 0x51eda800 nmethod 22376 0x04fcd9c8 code [0x04fcdac0, 0x04fcdb70]
Event: 3897.691 Thread 0x51eda800 22374       4       com.android.tools.r8.v.a.a.a.h.Z$a::next (25 bytes)
Event: 3897.693 Thread 0x51ed2c00 22378       3       com.android.tools.r8.s.a.b.l.g.o::a (281 bytes)
Event: 3897.695 Thread 0x51eda800 nmethod 22374 0x04fdf548 code [0x04fdf660, 0x04fdf830]
Event: 3897.696 Thread 0x51eda800 22379       4       java.io.StringWriter::append (6 bytes)

GC Heap History (10 events):
Event: 3272.880 GC heap after
Heap after GC invocations=41 (full 8):
 PSYoungGen      total 264192K, used 8667K [0x3bcc0000, 0x51200000, 0x51200000)
  eden space 178944K, 0% used [0x3bcc0000,0x3bcc0000,0x46b80000)
  from space 85248K, 10% used [0x46b80000,0x473f6ee8,0x4bec0000)
  to   space 83968K, 0% used [0x4c000000,0x4c000000,0x51200000)
 ParOldGen       total 146944K, used 76703K [0x11200000, 0x1a180000, 0x3bcc0000)
  object space 146944K, 52% used [0x11200000,0x15ce7ec8,0x1a180000)
 Metaspace       used 79504K, capacity 82222K, committed 82432K, reserved 83328K
}
Event: 3404.225 GC heap before
{Heap before GC invocations=42 (full 8):
 PSYoungGen      total 264192K, used 187611K [0x3bcc0000, 0x51200000, 0x51200000)
  eden space 178944K, 100% used [0x3bcc0000,0x46b80000,0x46b80000)
  from space 85248K, 10% used [0x46b80000,0x473f6ee8,0x4bec0000)
  to   space 83968K, 0% used [0x4c000000,0x4c000000,0x51200000)
 ParOldGen       total 146944K, used 76703K [0x11200000, 0x1a180000, 0x3bcc0000)
  object space 146944K, 52% used [0x11200000,0x15ce7ec8,0x1a180000)
 Metaspace       used 79682K, capacity 82384K, committed 82432K, reserved 83328K
Event: 3404.532 GC heap after
Heap after GC invocations=42 (full 8):
 PSYoungGen      total 255232K, used 33942K [0x3bcc0000, 0x50940000, 0x51200000)
  eden space 180224K, 0% used [0x3bcc0000,0x3bcc0000,0x46cc0000)
  from space 75008K, 45% used [0x4c000000,0x4e125bc0,0x50940000)
  to   space 80128K, 0% used [0x46cc0000,0x46cc0000,0x4bb00000)
 ParOldGen       total 146944K, used 77766K [0x11200000, 0x1a180000, 0x3bcc0000)
  object space 146944K, 52% used [0x11200000,0x15df1b38,0x1a180000)
 Metaspace       used 79682K, capacity 82384K, committed 82432K, reserved 83328K
}
Event: 3406.656 GC heap before
{Heap before GC invocations=43 (full 8):
 PSYoungGen      total 255232K, used 214166K [0x3bcc0000, 0x50940000, 0x51200000)
  eden space 180224K, 100% used [0x3bcc0000,0x46cc0000,0x46cc0000)
  from space 75008K, 45% used [0x4c000000,0x4e125bc0,0x50940000)
  to   space 80128K, 0% used [0x46cc0000,0x46cc0000,0x4bb00000)
 ParOldGen       total 146944K, used 77766K [0x11200000, 0x1a180000, 0x3bcc0000)
  object space 146944K, 52% used [0x11200000,0x15df1b38,0x1a180000)
 Metaspace       used 79684K, capacity 82384K, committed 82432K, reserved 83328K
Event: 3412.799 GC heap after
Heap after GC invocations=43 (full 8):
 PSYoungGen      total 260352K, used 58822K [0x3bcc0000, 0x51200000, 0x51200000)
  eden space 180224K, 0% used [0x3bcc0000,0x3bcc0000,0x46cc0000)
  from space 80128K, 73% used [0x46cc0000,0x4a631b38,0x4bb00000)
  to   space 85760K, 0% used [0x4be40000,0x4be40000,0x51200000)
 ParOldGen       total 146944K, used 100945K [0x11200000, 0x1a180000, 0x3bcc0000)
  object space 146944K, 68% used [0x11200000,0x17494520,0x1a180000)
 Metaspace       used 79684K, capacity 82384K, committed 82432K, reserved 83328K
}
Event: 3855.559 GC heap before
{Heap before GC invocations=44 (full 8):
 PSYoungGen      total 260352K, used 239046K [0x3bcc0000, 0x51200000, 0x51200000)
  eden space 180224K, 100% used [0x3bcc0000,0x46cc0000,0x46cc0000)
  from space 80128K, 73% used [0x46cc0000,0x4a631b38,0x4bb00000)
  to   space 85760K, 0% used [0x4be40000,0x4be40000,0x51200000)
 ParOldGen       total 146944K, used 100945K [0x11200000, 0x1a180000, 0x3bcc0000)
  object space 146944K, 68% used [0x11200000,0x17494520,0x1a180000)
 Metaspace       used 79841K, capacity 82639K, committed 82688K, reserved 83328K
Event: 3866.995 GC heap after
Heap after GC invocations=44 (full 8):
 PSYoungGen      total 266240K, used 17572K [0x3bcc0000, 0x51200000, 0x51200000)
  eden space 180480K, 0% used [0x3bcc0000,0x3bcc0000,0x46d00000)
  from space 85760K, 20% used [0x4be40000,0x4cf691f0,0x51200000)
  to   space 83200K, 0% used [0x46d00000,0x46d00000,0x4be40000)
 ParOldGen       total 146944K, used 105864K [0x11200000, 0x1a180000, 0x3bcc0000)
  object space 146944K, 72% used [0x11200000,0x17962220,0x1a180000)
 Metaspace       used 79841K, capacity 82639K, committed 82688K, reserved 83328K
}
Event: 3897.710 GC heap before
{Heap before GC invocations=45 (full 8):
 PSYoungGen      total 266240K, used 197737K [0x3bcc0000, 0x51200000, 0x51200000)
  eden space 180480K, 99% used [0x3bcc0000,0x46cb1348,0x46d00000)
  from space 85760K, 20% used [0x4be40000,0x4cf691f0,0x51200000)
  to   space 83200K, 0% used [0x46d00000,0x46d00000,0x4be40000)
 ParOldGen       total 146944K, used 105864K [0x11200000, 0x1a180000, 0x3bcc0000)
  object space 146944K, 72% used [0x11200000,0x17962220,0x1a180000)
 Metaspace       used 79980K, capacity 82799K, committed 82816K, reserved 83328K
Event: 3905.718 GC heap after
Heap after GC invocations=45 (full 8):
 PSYoungGen      total 239104K, used 58449K [0x3bcc0000, 0x51200000, 0x51200000)
  eden space 180480K, 0% used [0x3bcc0000,0x3bcc0000,0x46d00000)
  from space 58624K, 99% used [0x46d00000,0x4a6146a8,0x4a640000)
  to   space 88064K, 0% used [0x4bc00000,0x4bc00000,0x51200000)
 ParOldGen       total 146944K, used 115599K [0x11200000, 0x1a180000, 0x3bcc0000)
  object space 146944K, 78% used [0x11200000,0x182e3d18,0x1a180000)
 Metaspace       used 79980K, capacity 82799K, committed 82816K, reserved 83328K
}
Event: 3905.727 GC heap before
{Heap before GC invocations=46 (full 9):
 PSYoungGen      total 239104K, used 58449K [0x3bcc0000, 0x51200000, 0x51200000)
  eden space 180480K, 0% used [0x3bcc0000,0x3bcc0000,0x46d00000)
  from space 58624K, 99% used [0x46d00000,0x4a6146a8,0x4a640000)
  to   space 88064K, 0% used [0x4bc00000,0x4bc00000,0x51200000)
 ParOldGen       total 146944K, used 115599K [0x11200000, 0x1a180000, 0x3bcc0000)
  object space 146944K, 78% used [0x11200000,0x182e3d18,0x1a180000)
 Metaspace       used 79980K, capacity 82799K, committed 82816K, reserved 83328K

Deoptimization events (10 events):
Event: 3271.885 Thread 0x5a7ea000 Uncommon trap: reason=class_check action=maybe_recompile pc=0x04cf4ddc method=java.util.concurrent.ThreadPoolExecutor.getTask()Ljava/lang/Runnable; @ 139
Event: 3271.951 Thread 0x5a7ea400 Uncommon trap: reason=class_check action=maybe_recompile pc=0x04cf4ddc method=java.util.concurrent.ThreadPoolExecutor.getTask()Ljava/lang/Runnable; @ 139
Event: 3274.168 Thread 0x5a7ea400 Uncommon trap: reason=class_check action=maybe_recompile pc=0x02b9afd4 method=java.util.Spliterators$ArraySpliterator.tryAdvance(Ljava/util/function/Consumer;)Z @ 49
Event: 3274.915 Thread 0x5a7ea400 Uncommon trap: reason=class_check action=maybe_recompile pc=0x02b9afd4 method=java.util.Spliterators$ArraySpliterator.tryAdvance(Ljava/util/function/Consumer;)Z @ 49
Event: 3402.563 Thread 0x5da8f800 Uncommon trap: reason=unstable_if action=reinterpret pc=0x02d4b3b8 method=java.io.ObjectStreamClass.lookup(Ljava/lang/Class;Z)Ljava/io/ObjectStreamClass; @ 92
Event: 3402.579 Thread 0x5da8f800 Uncommon trap: reason=unstable_if action=reinterpret pc=0x04c88d60 method=java.util.concurrent.ConcurrentHashMap.replaceNode(Ljava/lang/Object;Ljava/lang/Object;Ljava/lang/Object;)Ljava/lang/Object; @ 136
Event: 3405.004 Thread 0x5a7eac00 Uncommon trap: reason=unstable_if action=reinterpret pc=0x02962d64 method=com.android.tools.r8.graph.e0.w()Z @ 38
Event: 3414.596 Thread 0x5a7ea400 Uncommon trap: reason=class_check action=maybe_recompile pc=0x02b9afd4 method=java.util.Spliterators$ArraySpliterator.tryAdvance(Ljava/util/function/Consumer;)Z @ 49
Event: 3425.656 Thread 0x53e8bc00 Uncommon trap: reason=unstable_if action=reinterpret pc=0x04cf4e74 method=java.util.concurrent.ScheduledThreadPoolExecutor$DelayedWorkQueue.take()Ljava/util/concurrent/RunnableScheduledFuture; @ 17
Event: 3896.858 Thread 0x5da92400 Uncommon trap: reason=unstable_if action=reinterpret pc=0x04da5e70 method=com.android.tools.r8.graph.e0.w()Z @ 11

Classes redefined (0 events):
No events

Internal exceptions (10 events):
Event: 3425.656 Thread 0x53e8bc00 Implicit null exception at 0x04cf3f11 to 0x04cf4e59
Event: 3718.632 Thread 0x5a7eac00 Exception <a 'sun/nio/fs/WindowsException'> (0x408a6990) thrown at [D:\src\AOSP-openjdk-cygwin\jdk8u\hotspot\src\share\vm\prims\jni.cpp, line 710]
Event: 3729.840 Thread 0x5d910c00 Exception <a 'java/net/ConnectException': Connection refused: connect> (0x44cd3d80) thrown at [D:\src\AOSP-openjdk-cygwin\jdk8u\hotspot\src\share\vm\prims\jni.cpp, line 736]
Event: 3730.850 Thread 0x5d910c00 Exception <a 'java/net/ConnectException': Connection refused: connect> (0x44cd4cd0) thrown at [D:\src\AOSP-openjdk-cygwin\jdk8u\hotspot\src\share\vm\prims\jni.cpp, line 736]
Event: 3731.860 Thread 0x5d910c00 Exception <a 'java/net/ConnectException': Connection refused: connect> (0x44cd5c20) thrown at [D:\src\AOSP-openjdk-cygwin\jdk8u\hotspot\src\share\vm\prims\jni.cpp, line 736]
Event: 3738.229 Thread 0x5d911c00 Exception <a 'java/lang/InterruptedException'> (0x44db9038) thrown at [D:\src\AOSP-openjdk-cygwin\jdk8u\hotspot\src\share\vm\runtime\objectMonitor.cpp, line 1680]
Event: 3872.638 Thread 0x5d911c00 Exception <a 'sun/nio/fs/WindowsException'> (0x3c0b1438) thrown at [D:\src\AOSP-openjdk-cygwin\jdk8u\hotspot\src\share\vm\prims\jni.cpp, line 710]
Event: 3874.906 Thread 0x5d911c00 Exception <a 'sun/nio/fs/WindowsException'> (0x3c741de0) thrown at [D:\src\AOSP-openjdk-cygwin\jdk8u\hotspot\src\share\vm\prims\jni.cpp, line 710]
Event: 3875.026 Thread 0x5d911c00 Exception <a 'sun/nio/fs/WindowsException'> (0x3c748b20) thrown at [D:\src\AOSP-openjdk-cygwin\jdk8u\hotspot\src\share\vm\prims\jni.cpp, line 710]
Event: 3893.174 Thread 0x52df8c00 Exception <a 'sun/nio/fs/WindowsException'> (0x3d7870e8) thrown at [D:\src\AOSP-openjdk-cygwin\jdk8u\hotspot\src\share\vm\prims\jni.cpp, line 710]

Events (10 events):
Event: 3896.858 Thread 0x5da92400 DEOPT UNPACKING pc=0x01dbabbc sp=0x5b47f474 mode 2
Event: 3896.918 Thread 0x52df8c00 DEOPT PACKING pc=0x02131745 sp=0x5ec5eb30
Event: 3896.918 Thread 0x52df8c00 DEOPT UNPACKING pc=0x01dbc2f5 sp=0x5ec5e9c0 mode 0
Event: 3896.924 Thread 0x52df8c00 DEOPT PACKING pc=0x049cd9ec sp=0x5ec5eb60
Event: 3896.924 Thread 0x52df8c00 DEOPT UNPACKING pc=0x01dbc2f5 sp=0x5ec5ea38 mode 0
Event: 3896.957 Thread 0x52df8c00 DEOPT PACKING pc=0x049cd9ec sp=0x5ec5ea70
Event: 3896.957 Thread 0x52df8c00 DEOPT UNPACKING pc=0x01dbc2f5 sp=0x5ec5e948 mode 0
Event: 3896.974 Executing VM operation: BulkRevokeBias
Event: 3896.975 Executing VM operation: BulkRevokeBias done
Event: 3897.698 Executing VM operation: ParallelGCFailedAllocation


Dynamic libraries:
0x00330000 - 0x0035d000 	D:\Android Studio\android-studio\jre\bin\java.exe
0x77d00000 - 0x77e42000 	C:\Windows\SYSTEM32\ntdll.dll
0x768d0000 - 0x769a5000 	C:\Windows\system32\kernel32.dll
0x75ad0000 - 0x75b1b000 	C:\Windows\system32\KERNELBASE.dll
0x76c40000 - 0x76ce1000 	C:\Windows\system32\ADVAPI32.dll
0x77b00000 - 0x77bac000 	C:\Windows\system32\msvcrt.dll
0x769b0000 - 0x769c9000 	C:\Windows\SYSTEM32\sechost.dll
0x76a70000 - 0x76b12000 	C:\Windows\system32\RPCRT4.dll
0x76dc0000 - 0x76e89000 	C:\Windows\system32\USER32.dll
0x76440000 - 0x7648e000 	C:\Windows\system32\GDI32.dll
0x77e60000 - 0x77e6a000 	C:\Windows\system32\LPK.dll
0x77e70000 - 0x77f0d000 	C:\Windows\system32\USP10.dll
0x74e50000 - 0x74fee000 	C:\Windows\WinSxS\x86_microsoft.windows.common-controls_6595b64144ccf1df_6.0.7601.24483_none_2b200f664577e14b\COMCTL32.dll
0x75fe0000 - 0x76037000 	C:\Windows\system32\SHLWAPI.dll
0x76e90000 - 0x76eaf000 	C:\Windows\system32\IMM32.DLL
0x75db0000 - 0x75e7e000 	C:\Windows\system32\MSCTF.dll
0x53290000 - 0x5334f000 	D:\Android Studio\android-studio\jre\jre\bin\msvcr100.dll
0x54c40000 - 0x55229000 	D:\Android Studio\android-studio\jre\jre\bin\server\jvm.dll
0x74dd0000 - 0x74dd7000 	C:\Windows\system32\WSOCK32.dll
0x77f10000 - 0x77f45000 	C:\Windows\system32\WS2_32.dll
0x77e50000 - 0x77e56000 	C:\Windows\system32\NSI.dll
0x74e00000 - 0x74e32000 	C:\Windows\system32\WINMM.dll
0x74ff0000 - 0x74ff9000 	C:\Windows\system32\VERSION.dll
0x76430000 - 0x76435000 	C:\Windows\system32\PSAPI.DLL
0x5d7e0000 - 0x5d7ec000 	D:\Android Studio\android-studio\jre\jre\bin\verify.dll
0x5d7b0000 - 0x5d7d1000 	D:\Android Studio\android-studio\jre\jre\bin\java.dll
0x5d840000 - 0x5d854000 	D:\Android Studio\android-studio\jre\jre\bin\zip.dll
0x76eb0000 - 0x77afc000 	C:\Windows\system32\SHELL32.dll
0x75e80000 - 0x75fdf000 	C:\Windows\system32\ole32.dll
0x75a80000 - 0x75a8b000 	C:\Windows\system32\profapi.dll
0x5d7f0000 - 0x5d805000 	D:\Android Studio\android-studio\jre\jre\bin\net.dll
0x77bb0000 - 0x77cff000 	C:\Windows\system32\urlmon.dll
0x75d40000 - 0x75d44000 	C:\Windows\system32\api-ms-win-downlevel-ole32-l1-1-0.dll
0x75b50000 - 0x75b54000 	C:\Windows\system32\api-ms-win-downlevel-shlwapi-l1-1-0.dll
0x75ac0000 - 0x75ac5000 	C:\Windows\system32\api-ms-win-downlevel-advapi32-l1-1-0.dll
0x75aa0000 - 0x75aa4000 	C:\Windows\system32\api-ms-win-downlevel-user32-l1-1-0.dll
0x75b40000 - 0x75b44000 	C:\Windows\system32\api-ms-win-downlevel-version-l1-1-0.dll
0x75ab0000 - 0x75ab3000 	C:\Windows\system32\api-ms-win-downlevel-normaliz-l1-1-0.dll
0x76040000 - 0x76043000 	C:\Windows\system32\normaliz.DLL
0x761f0000 - 0x76428000 	C:\Windows\system32\iertutil.dll
0x76490000 - 0x768c7000 	C:\Windows\system32\WININET.dll
0x75b20000 - 0x75b39000 	C:\Windows\system32\USERENV.dll
0x75400000 - 0x7543c000 	C:\Windows\system32\mswsock.dll
0x753f0000 - 0x753f6000 	C:\Windows\System32\wship6.dll
0x5d7a0000 - 0x5d7af000 	D:\Android Studio\android-studio\jre\jre\bin\nio.dll
0x65630000 - 0x65651000 	C:\Users\Samuel\.gradle\native\30\windows-i386\native-platform.dll
0x74cb0000 - 0x74cb3000 	C:\Windows\system32\api-ms-win-core-synch-l1-2-0.DLL
0x5a1f0000 - 0x5a1fa000 	D:\Android Studio\android-studio\jre\jre\bin\management.dll
0x75440000 - 0x75457000 	C:\Windows\system32\CRYPTSP.dll
0x751d0000 - 0x7520b000 	C:\Windows\system32\rsaenh.dll
0x75970000 - 0x7597c000 	C:\Windows\system32\CRYPTBASE.dll
0x73b70000 - 0x73b8c000 	C:\Windows\system32\IPHLPAPI.DLL
0x73b60000 - 0x73b67000 	C:\Windows\system32\WINNSI.DLL
0x73ac0000 - 0x73acd000 	C:\Windows\system32\dhcpcsvc6.DLL
0x73a50000 - 0x73a62000 	C:\Windows\system32\dhcpcsvc.DLL
0x65610000 - 0x65629000 	C:\Users\Samuel\AppData\Local\Temp\native-platform2385134445294431732dir\native-platform.dll
0x75920000 - 0x7596c000 	C:\Windows\system32\apphelp.dll
0x72900000 - 0x72919000 	C:\Users\Samuel\AppData\Local\Temp\native-platform555289200481692781dir\native-platform.dll
0x71110000 - 0x711fb000 	C:\Windows\system32\dbghelp.dll

VM Arguments:
jvm_args: -Xmx1024m -Dfile.encoding=windows-1252 -Duser.country=BR -Duser.language=pt -Duser.variant 
java_command: org.gradle.launcher.daemon.bootstrap.GradleDaemon 5.6.4
java_class_path (initial): C:\Users\Samuel\.gradle\wrapper\dists\gradle-5.6.4-all\ankdp27end7byghfw1q2sw75f\gradle-5.6.4\lib\gradle-launcher-5.6.4.jar
Launcher Type: SUN_STANDARD

Environment Variables:
JAVA_HOME=C:\Program Files\OpenJDK\jdk-8.0.292.10-hotspot\
PATH=C:\Program Files\OpenJDK\jdk-8.0.292.10-hotspot\bin;C:\Windows\system32;C:\Windows;C:\Windows\System32\Wbem;C:\Windows\System32\WindowsPowerShell\v1.0\;C:\Program Files\MySQL\MySQL Utilities 1.6\;C:\Program Files\Git\cmd;C:\Program Files\MongoDB\Server\3.2\bin;C:\Users\Samuel\AppData\Local\Android\Sdk\platform-tools;C:\Program Files\erl10.3\bin;C:\Program Files\Elixir\bin;C:\Windows\system32\config\systemprofile\.mix\escripts;C:\Program Files\dotnet\;C:\Program Files\Microsoft SQL Server\120\Tools\Binn\;C:\Program Files\Microsoft SQL Server\Client SDK\ODBC\170\Tools\Binn\;C:\Program Files\nodejs\;D:\Kotlin\kotlin-compiler-1.5.21\kotlinc\bin;D:\Kotlin\kotlin-native-windows-1.5.21\kotlin-native-windows-1.5.21\bin;;C:\Users\Samuel\AppData\Local\Programs\Microsoft VS Code\bin;C:\Program Files\MongoDB\Server\3.2\bin;C:\Program Files\PostgreSQL\10\bin;C:\Users\Samuel\.dotnet\tools;C:\Users\Samuel\AppData\Roaming\npm;C:\Program Files\JetBrains\IntelliJ IDEA Community Edition 2021.1.3\bin;;C:\Users\Samuel\Downloads\Maven\apache-maven-3.8.1-bin\apache-maven-3.8.1\bin
USERNAME=Samuel
OS=Windows_NT
PROCESSOR_IDENTIFIER=x86 Family 6 Model 23 Stepping 10, GenuineIntel



---------------  S Y S T E M  ---------------

OS: Windows 7 Build 7601 (6.1.7601.24545)

CPU:total 2 (initial active 2) (2 cores per cpu, 1 threads per core) family 6 model 23 stepping 10, cmov, cx8, fxsr, mmx, sse, sse2, sse3, ssse3, tsc

Memory: 4k page, physical 2087224k(45764k free), swap 6183224k(2366088k free)

vm_info: OpenJDK Server VM (25.212-b04) for windows-x86 JRE (1.8.0_212-release-1586-b04), built by "builder" with MS VC++ 10.0 (VS2010)

time: Wed Aug 18 09:46:15 2021
timezone: Hora oficial do Brasil
elapsed time: 3940 seconds (0d 1h 5m 40s)

